[2024-11-09T11:56:59.227+0000] {local_task_job_runner.py:123} INFO - ::group::Pre task execution logs
[2024-11-09T11:56:59.246+0000] {taskinstance.py:2613} INFO - Dependencies all met for dep_context=non-requeueable deps ti=<TaskInstance: mongodb_atlas_fetch_data.fetch_data manual__2024-11-09T11:56:55.890760+00:00 [queued]>
[2024-11-09T11:56:59.256+0000] {taskinstance.py:2613} INFO - Dependencies all met for dep_context=requeueable deps ti=<TaskInstance: mongodb_atlas_fetch_data.fetch_data manual__2024-11-09T11:56:55.890760+00:00 [queued]>
[2024-11-09T11:56:59.256+0000] {taskinstance.py:2866} INFO - Starting attempt 1 of 1
[2024-11-09T11:56:59.273+0000] {taskinstance.py:2889} INFO - Executing <Task(PythonOperator): fetch_data> on 2024-11-09 11:56:55.890760+00:00
[2024-11-09T11:56:59.283+0000] {warnings.py:112} WARNING - /home/***/.local/lib/python3.12/site-packages/***/task/task_runner/standard_task_runner.py:70: DeprecationWarning: This process (pid=732) is multi-threaded, use of fork() may lead to deadlocks in the child.
  pid = os.fork()

[2024-11-09T11:56:59.285+0000] {standard_task_runner.py:72} INFO - Started process 734 to run task
[2024-11-09T11:56:59.286+0000] {standard_task_runner.py:104} INFO - Running: ['***', 'tasks', 'run', 'mongodb_atlas_fetch_data', 'fetch_data', 'manual__2024-11-09T11:56:55.890760+00:00', '--job-id', '40', '--raw', '--subdir', 'DAGS_FOLDER/et_pipeline.py', '--cfg-path', '/tmp/tmpo9v76gka']
[2024-11-09T11:56:59.287+0000] {standard_task_runner.py:105} INFO - Job 40: Subtask fetch_data
[2024-11-09T11:56:59.340+0000] {task_command.py:467} INFO - Running <TaskInstance: mongodb_atlas_fetch_data.fetch_data manual__2024-11-09T11:56:55.890760+00:00 [running]> on host 501997186f25
[2024-11-09T11:56:59.714+0000] {taskinstance.py:3132} INFO - Exporting env vars: AIRFLOW_CTX_DAG_OWNER='***' AIRFLOW_CTX_DAG_ID='mongodb_atlas_fetch_data' AIRFLOW_CTX_TASK_ID='fetch_data' AIRFLOW_CTX_EXECUTION_DATE='2024-11-09T11:56:55.890760+00:00' AIRFLOW_CTX_TRY_NUMBER='1' AIRFLOW_CTX_DAG_RUN_ID='manual__2024-11-09T11:56:55.890760+00:00'
[2024-11-09T11:56:59.714+0000] {logging_mixin.py:190} INFO - Task instance is in running state
[2024-11-09T11:56:59.715+0000] {logging_mixin.py:190} INFO -  Previous state of the Task instance: queued
[2024-11-09T11:56:59.715+0000] {logging_mixin.py:190} INFO - Current task name:fetch_data state:running start_date:2024-11-09 11:56:59.246622+00:00
[2024-11-09T11:56:59.715+0000] {logging_mixin.py:190} INFO - Dag name:mongodb_atlas_fetch_data and current dag run status:running
[2024-11-09T11:56:59.715+0000] {taskinstance.py:731} INFO - ::endgroup::
[2024-11-09T11:56:59.728+0000] {base.py:84} INFO - Retrieving connection 'mongo_default'
[2024-11-09T11:57:02.942+0000] {logging_mixin.py:190} INFO - Data written to output_file.json
[2024-11-09T11:57:02.944+0000] {python.py:240} INFO - Done. Returned value was: None
[2024-11-09T11:57:02.992+0000] {taskinstance.py:340} INFO - ::group::Post task execution logs
[2024-11-09T11:57:02.994+0000] {taskinstance.py:352} INFO - Marking task as SUCCESS. dag_id=mongodb_atlas_fetch_data, task_id=fetch_data, run_id=manual__2024-11-09T11:56:55.890760+00:00, execution_date=20241109T115655, start_date=20241109T115659, end_date=20241109T115702
[2024-11-09T11:57:03.037+0000] {logging_mixin.py:190} INFO - Task instance in success state
[2024-11-09T11:57:03.039+0000] {logging_mixin.py:190} INFO -  Previous state of the Task instance: running
[2024-11-09T11:57:03.040+0000] {logging_mixin.py:190} INFO - Dag name:mongodb_atlas_fetch_data queued_at:2024-11-09 11:56:55.904259+00:00
[2024-11-09T11:57:03.042+0000] {logging_mixin.py:190} INFO - Task hostname:501997186f25 operator:PythonOperator
[2024-11-09T11:57:03.119+0000] {local_task_job_runner.py:266} INFO - Task exited with return code 0
[2024-11-09T11:57:03.150+0000] {taskinstance.py:3895} INFO - 0 downstream tasks scheduled from follow-on schedule check
[2024-11-09T11:57:03.153+0000] {local_task_job_runner.py:245} INFO - ::endgroup::
