[2024-11-10T15:23:30.170+0000] {local_task_job_runner.py:123} INFO - ::group::Pre task execution logs
[2024-11-10T15:23:30.200+0000] {taskinstance.py:2613} INFO - Dependencies all met for dep_context=non-requeueable deps ti=<TaskInstance: mongodb_atlas_fetch_load.load_to_bigquery manual__2024-11-10T15:23:00.393041+00:00 [queued]>
[2024-11-10T15:23:30.216+0000] {taskinstance.py:2613} INFO - Dependencies all met for dep_context=requeueable deps ti=<TaskInstance: mongodb_atlas_fetch_load.load_to_bigquery manual__2024-11-10T15:23:00.393041+00:00 [queued]>
[2024-11-10T15:23:30.217+0000] {taskinstance.py:2866} INFO - Starting attempt 1 of 1
[2024-11-10T15:23:30.244+0000] {taskinstance.py:2889} INFO - Executing <Task(PythonOperator): load_to_bigquery> on 2024-11-10 15:23:00.393041+00:00
[2024-11-10T15:23:30.261+0000] {warnings.py:112} WARNING - /home/***/.local/lib/python3.12/site-packages/***/task/task_runner/standard_task_runner.py:70: DeprecationWarning: This process (pid=800) is multi-threaded, use of fork() may lead to deadlocks in the child.
  pid = os.fork()

[2024-11-10T15:23:30.263+0000] {standard_task_runner.py:72} INFO - Started process 802 to run task
[2024-11-10T15:23:30.265+0000] {standard_task_runner.py:104} INFO - Running: ['***', 'tasks', 'run', 'mongodb_atlas_fetch_load', 'load_to_bigquery', 'manual__2024-11-10T15:23:00.393041+00:00', '--job-id', '146', '--raw', '--subdir', 'DAGS_FOLDER/et_pipeline.py', '--cfg-path', '/tmp/tmpzbku55sc']
[2024-11-10T15:23:30.269+0000] {standard_task_runner.py:105} INFO - Job 146: Subtask load_to_bigquery
[2024-11-10T15:23:30.353+0000] {task_command.py:467} INFO - Running <TaskInstance: mongodb_atlas_fetch_load.load_to_bigquery manual__2024-11-10T15:23:00.393041+00:00 [running]> on host e9f90922e3c1
[2024-11-10T15:23:30.539+0000] {taskinstance.py:3132} INFO - Exporting env vars: AIRFLOW_CTX_DAG_OWNER='***' AIRFLOW_CTX_DAG_ID='mongodb_atlas_fetch_load' AIRFLOW_CTX_TASK_ID='load_to_bigquery' AIRFLOW_CTX_EXECUTION_DATE='2024-11-10T15:23:00.393041+00:00' AIRFLOW_CTX_TRY_NUMBER='1' AIRFLOW_CTX_DAG_RUN_ID='manual__2024-11-10T15:23:00.393041+00:00'
[2024-11-10T15:23:30.542+0000] {logging_mixin.py:190} INFO - Task instance is in running state
[2024-11-10T15:23:30.543+0000] {logging_mixin.py:190} INFO -  Previous state of the Task instance: queued
[2024-11-10T15:23:30.543+0000] {logging_mixin.py:190} INFO - Current task name:load_to_bigquery state:running start_date:2024-11-10 15:23:30.200987+00:00
[2024-11-10T15:23:30.544+0000] {logging_mixin.py:190} INFO - Dag name:mongodb_atlas_fetch_load and current dag run status:running
[2024-11-10T15:23:30.545+0000] {taskinstance.py:731} INFO - ::endgroup::
[2024-11-10T15:23:30.570+0000] {base.py:84} INFO - Retrieving connection 'mongo_default'
[2024-11-10T15:23:36.083+0000] {connection.py:277} WARNING - Connection schemes (type: google_cloud_platform) shall not contain '_' according to RFC3986.
[2024-11-10T15:23:36.087+0000] {base.py:84} INFO - Retrieving connection 'google_cloud_default'
[2024-11-10T15:23:36.420+0000] {connection.py:277} WARNING - Connection schemes (type: google_cloud_platform) shall not contain '_' according to RFC3986.
[2024-11-10T15:23:36.422+0000] {base.py:84} INFO - Retrieving connection 'google_cloud_default'
[2024-11-10T15:23:37.614+0000] {gcs.py:594} INFO - File /tmp/mongo_data.json uploaded to transformed_data/mongo_data.json in ***_bucket_name bucket
[2024-11-10T15:23:37.617+0000] {hook.py:208} WARNING - Data lineage tracking is disabled. Register a hook lineage reader to start tracking hook lineage.
[2024-11-10T15:23:41.700+0000] {python.py:240} INFO - Done. Returned value was: None
[2024-11-10T15:23:41.719+0000] {taskinstance.py:340} INFO - ::group::Post task execution logs
[2024-11-10T15:23:41.720+0000] {taskinstance.py:352} INFO - Marking task as SUCCESS. dag_id=mongodb_atlas_fetch_load, task_id=load_to_bigquery, run_id=manual__2024-11-10T15:23:00.393041+00:00, execution_date=20241110T152300, start_date=20241110T152330, end_date=20241110T152341
[2024-11-10T15:23:41.741+0000] {logging_mixin.py:190} INFO - Task instance in success state
[2024-11-10T15:23:41.741+0000] {logging_mixin.py:190} INFO -  Previous state of the Task instance: running
[2024-11-10T15:23:41.742+0000] {logging_mixin.py:190} INFO - Dag name:mongodb_atlas_fetch_load queued_at:2024-11-10 15:23:00.415141+00:00
[2024-11-10T15:23:41.742+0000] {logging_mixin.py:190} INFO - Task hostname:e9f90922e3c1 operator:PythonOperator
[2024-11-10T15:23:41.790+0000] {local_task_job_runner.py:266} INFO - Task exited with return code 0
[2024-11-10T15:23:41.826+0000] {taskinstance.py:3895} INFO - 0 downstream tasks scheduled from follow-on schedule check
[2024-11-10T15:23:41.830+0000] {local_task_job_runner.py:245} INFO - ::endgroup::
