[2024-11-09T19:17:06.608+0000] {local_task_job_runner.py:123} INFO - ::group::Pre task execution logs
[2024-11-09T19:17:06.647+0000] {taskinstance.py:2613} INFO - Dependencies all met for dep_context=non-requeueable deps ti=<TaskInstance: mongodb_atlas_fetch_load_data.fetch_data manual__2024-11-09T19:17:00.889493+00:00 [queued]>
[2024-11-09T19:17:06.664+0000] {taskinstance.py:2613} INFO - Dependencies all met for dep_context=requeueable deps ti=<TaskInstance: mongodb_atlas_fetch_load_data.fetch_data manual__2024-11-09T19:17:00.889493+00:00 [queued]>
[2024-11-09T19:17:06.665+0000] {taskinstance.py:2866} INFO - Starting attempt 1 of 1
[2024-11-09T19:17:06.693+0000] {taskinstance.py:2889} INFO - Executing <Task(PythonOperator): fetch_data> on 2024-11-09 19:17:00.889493+00:00
[2024-11-09T19:17:06.709+0000] {warnings.py:112} WARNING - /home/***/.local/lib/python3.12/site-packages/***/task/task_runner/standard_task_runner.py:70: DeprecationWarning: This process (pid=585) is multi-threaded, use of fork() may lead to deadlocks in the child.
  pid = os.fork()

[2024-11-09T19:17:06.712+0000] {standard_task_runner.py:72} INFO - Started process 587 to run task
[2024-11-09T19:17:06.715+0000] {standard_task_runner.py:104} INFO - Running: ['***', 'tasks', 'run', 'mongodb_atlas_fetch_load_data', 'fetch_data', 'manual__2024-11-09T19:17:00.889493+00:00', '--job-id', '81', '--raw', '--subdir', 'DAGS_FOLDER/et_pipeline.py', '--cfg-path', '/tmp/tmplmxqmjgt']
[2024-11-09T19:17:06.719+0000] {standard_task_runner.py:105} INFO - Job 81: Subtask fetch_data
[2024-11-09T19:17:06.806+0000] {task_command.py:467} INFO - Running <TaskInstance: mongodb_atlas_fetch_load_data.fetch_data manual__2024-11-09T19:17:00.889493+00:00 [running]> on host c81164041ce5
[2024-11-09T19:17:07.019+0000] {taskinstance.py:3132} INFO - Exporting env vars: AIRFLOW_CTX_DAG_OWNER='***' AIRFLOW_CTX_DAG_ID='mongodb_atlas_fetch_load_data' AIRFLOW_CTX_TASK_ID='fetch_data' AIRFLOW_CTX_EXECUTION_DATE='2024-11-09T19:17:00.889493+00:00' AIRFLOW_CTX_TRY_NUMBER='1' AIRFLOW_CTX_DAG_RUN_ID='manual__2024-11-09T19:17:00.889493+00:00'
[2024-11-09T19:17:07.021+0000] {logging_mixin.py:190} INFO - Task instance is in running state
[2024-11-09T19:17:07.021+0000] {logging_mixin.py:190} INFO -  Previous state of the Task instance: queued
[2024-11-09T19:17:07.022+0000] {logging_mixin.py:190} INFO - Current task name:fetch_data state:running start_date:2024-11-09 19:17:06.647565+00:00
[2024-11-09T19:17:07.022+0000] {logging_mixin.py:190} INFO - Dag name:mongodb_atlas_fetch_load_data and current dag run status:running
[2024-11-09T19:17:07.023+0000] {taskinstance.py:731} INFO - ::endgroup::
[2024-11-09T19:17:07.042+0000] {base.py:84} INFO - Retrieving connection 'mongo_default'
[2024-11-09T19:17:33.133+0000] {python.py:240} INFO - Done. Returned value was: /tmp/mongo_data.json
[2024-11-09T19:17:33.202+0000] {taskinstance.py:340} INFO - ::group::Post task execution logs
[2024-11-09T19:17:33.204+0000] {taskinstance.py:352} INFO - Marking task as SUCCESS. dag_id=mongodb_atlas_fetch_load_data, task_id=fetch_data, run_id=manual__2024-11-09T19:17:00.889493+00:00, execution_date=20241109T191700, start_date=20241109T191706, end_date=20241109T191733
[2024-11-09T19:17:33.242+0000] {logging_mixin.py:190} INFO - Task instance in success state
[2024-11-09T19:17:33.244+0000] {logging_mixin.py:190} INFO -  Previous state of the Task instance: running
[2024-11-09T19:17:33.246+0000] {logging_mixin.py:190} INFO - Dag name:mongodb_atlas_fetch_load_data queued_at:2024-11-09 19:17:00.929948+00:00
[2024-11-09T19:17:33.247+0000] {logging_mixin.py:190} INFO - Task hostname:c81164041ce5 operator:PythonOperator
[2024-11-09T19:17:33.299+0000] {local_task_job_runner.py:266} INFO - Task exited with return code 0
[2024-11-09T19:17:33.375+0000] {taskinstance.py:3895} INFO - 1 downstream tasks scheduled from follow-on schedule check
[2024-11-09T19:17:33.378+0000] {local_task_job_runner.py:245} INFO - ::endgroup::
