[2024-11-10T13:06:43.518+0000] {local_task_job_runner.py:123} INFO - ::group::Pre task execution logs
[2024-11-10T13:06:43.644+0000] {taskinstance.py:2613} INFO - Dependencies all met for dep_context=non-requeueable deps ti=<TaskInstance: mongodb_atlas_fetch_load.fetch_data manual__2024-11-10T13:06:28.605934+00:00 [queued]>
[2024-11-10T13:06:43.690+0000] {taskinstance.py:2613} INFO - Dependencies all met for dep_context=requeueable deps ti=<TaskInstance: mongodb_atlas_fetch_load.fetch_data manual__2024-11-10T13:06:28.605934+00:00 [queued]>
[2024-11-10T13:06:43.693+0000] {taskinstance.py:2866} INFO - Starting attempt 1 of 1
[2024-11-10T13:06:43.760+0000] {taskinstance.py:2889} INFO - Executing <Task(PythonOperator): fetch_data> on 2024-11-10 13:06:28.605934+00:00
[2024-11-10T13:06:43.782+0000] {warnings.py:112} WARNING - /home/***/.local/lib/python3.12/site-packages/***/task/task_runner/standard_task_runner.py:70: DeprecationWarning: This process (pid=320) is multi-threaded, use of fork() may lead to deadlocks in the child.
  pid = os.fork()

[2024-11-10T13:06:43.788+0000] {standard_task_runner.py:72} INFO - Started process 322 to run task
[2024-11-10T13:06:43.800+0000] {standard_task_runner.py:104} INFO - Running: ['***', 'tasks', 'run', 'mongodb_atlas_fetch_load', 'fetch_data', 'manual__2024-11-10T13:06:28.605934+00:00', '--job-id', '126', '--raw', '--subdir', 'DAGS_FOLDER/et_pipeline.py', '--cfg-path', '/tmp/tmpue7fvx4i']
[2024-11-10T13:06:43.808+0000] {standard_task_runner.py:105} INFO - Job 126: Subtask fetch_data
[2024-11-10T13:06:44.031+0000] {task_command.py:467} INFO - Running <TaskInstance: mongodb_atlas_fetch_load.fetch_data manual__2024-11-10T13:06:28.605934+00:00 [running]> on host 1f39038b9de8
[2024-11-10T13:06:44.273+0000] {taskinstance.py:3132} INFO - Exporting env vars: AIRFLOW_CTX_DAG_OWNER='***' AIRFLOW_CTX_DAG_ID='mongodb_atlas_fetch_load' AIRFLOW_CTX_TASK_ID='fetch_data' AIRFLOW_CTX_EXECUTION_DATE='2024-11-10T13:06:28.605934+00:00' AIRFLOW_CTX_TRY_NUMBER='1' AIRFLOW_CTX_DAG_RUN_ID='manual__2024-11-10T13:06:28.605934+00:00'
[2024-11-10T13:06:44.276+0000] {logging_mixin.py:190} INFO - Task instance is in running state
[2024-11-10T13:06:44.277+0000] {logging_mixin.py:190} INFO -  Previous state of the Task instance: queued
[2024-11-10T13:06:44.277+0000] {logging_mixin.py:190} INFO - Current task name:fetch_data state:running start_date:2024-11-10 13:06:43.645754+00:00
[2024-11-10T13:06:44.278+0000] {logging_mixin.py:190} INFO - Dag name:mongodb_atlas_fetch_load and current dag run status:running
[2024-11-10T13:06:44.279+0000] {taskinstance.py:731} INFO - ::endgroup::
[2024-11-10T13:06:44.306+0000] {base.py:84} INFO - Retrieving connection 'mongo_default'
[2024-11-10T13:07:57.657+0000] {python.py:240} INFO - Done. Returned value was: /tmp/mongo_data.json
[2024-11-10T13:07:57.701+0000] {taskinstance.py:340} INFO - ::group::Post task execution logs
[2024-11-10T13:07:57.703+0000] {taskinstance.py:352} INFO - Marking task as SUCCESS. dag_id=mongodb_atlas_fetch_load, task_id=fetch_data, run_id=manual__2024-11-10T13:06:28.605934+00:00, execution_date=20241110T130628, start_date=20241110T130643, end_date=20241110T130757
[2024-11-10T13:07:57.721+0000] {logging_mixin.py:190} INFO - Task instance in success state
[2024-11-10T13:07:57.722+0000] {logging_mixin.py:190} INFO -  Previous state of the Task instance: running
[2024-11-10T13:07:57.722+0000] {logging_mixin.py:190} INFO - Dag name:mongodb_atlas_fetch_load queued_at:2024-11-10 13:06:28.746327+00:00
[2024-11-10T13:07:57.723+0000] {logging_mixin.py:190} INFO - Task hostname:1f39038b9de8 operator:PythonOperator
[2024-11-10T13:07:57.764+0000] {local_task_job_runner.py:266} INFO - Task exited with return code 0
[2024-11-10T13:07:57.808+0000] {taskinstance.py:3895} INFO - 0 downstream tasks scheduled from follow-on schedule check
[2024-11-10T13:07:57.812+0000] {local_task_job_runner.py:245} INFO - ::endgroup::
