[2024-11-09T18:58:00.278+0000] {local_task_job_runner.py:123} INFO - ::group::Pre task execution logs
[2024-11-09T18:58:00.362+0000] {taskinstance.py:2613} INFO - Dependencies all met for dep_context=non-requeueable deps ti=<TaskInstance: mongodb_atlas_fetch_load_data.fetch_data manual__2024-11-09T18:57:43.199995+00:00 [queued]>
[2024-11-09T18:58:00.395+0000] {taskinstance.py:2613} INFO - Dependencies all met for dep_context=requeueable deps ti=<TaskInstance: mongodb_atlas_fetch_load_data.fetch_data manual__2024-11-09T18:57:43.199995+00:00 [queued]>
[2024-11-09T18:58:00.395+0000] {taskinstance.py:2866} INFO - Starting attempt 1 of 1
[2024-11-09T18:58:00.452+0000] {taskinstance.py:2889} INFO - Executing <Task(PythonOperator): fetch_data> on 2024-11-09 18:57:43.199995+00:00
[2024-11-09T18:58:00.471+0000] {warnings.py:112} WARNING - /home/***/.local/lib/python3.12/site-packages/***/task/task_runner/standard_task_runner.py:70: DeprecationWarning: This process (pid=328) is multi-threaded, use of fork() may lead to deadlocks in the child.
  pid = os.fork()

[2024-11-09T18:58:00.476+0000] {standard_task_runner.py:72} INFO - Started process 330 to run task
[2024-11-09T18:58:00.489+0000] {standard_task_runner.py:104} INFO - Running: ['***', 'tasks', 'run', 'mongodb_atlas_fetch_load_data', 'fetch_data', 'manual__2024-11-09T18:57:43.199995+00:00', '--job-id', '77', '--raw', '--subdir', 'DAGS_FOLDER/et_pipeline.py', '--cfg-path', '/tmp/tmp0y65kiuw']
[2024-11-09T18:58:00.493+0000] {standard_task_runner.py:105} INFO - Job 77: Subtask fetch_data
[2024-11-09T18:58:00.656+0000] {task_command.py:467} INFO - Running <TaskInstance: mongodb_atlas_fetch_load_data.fetch_data manual__2024-11-09T18:57:43.199995+00:00 [running]> on host c81164041ce5
[2024-11-09T18:58:00.848+0000] {taskinstance.py:3132} INFO - Exporting env vars: AIRFLOW_CTX_DAG_OWNER='***' AIRFLOW_CTX_DAG_ID='mongodb_atlas_fetch_load_data' AIRFLOW_CTX_TASK_ID='fetch_data' AIRFLOW_CTX_EXECUTION_DATE='2024-11-09T18:57:43.199995+00:00' AIRFLOW_CTX_TRY_NUMBER='1' AIRFLOW_CTX_DAG_RUN_ID='manual__2024-11-09T18:57:43.199995+00:00'
[2024-11-09T18:58:00.850+0000] {logging_mixin.py:190} INFO - Task instance is in running state
[2024-11-09T18:58:00.850+0000] {logging_mixin.py:190} INFO -  Previous state of the Task instance: queued
[2024-11-09T18:58:00.851+0000] {logging_mixin.py:190} INFO - Current task name:fetch_data state:running start_date:2024-11-09 18:58:00.363389+00:00
[2024-11-09T18:58:00.851+0000] {logging_mixin.py:190} INFO - Dag name:mongodb_atlas_fetch_load_data and current dag run status:running
[2024-11-09T18:58:00.852+0000] {taskinstance.py:731} INFO - ::endgroup::
[2024-11-09T18:58:00.853+0000] {logging_mixin.py:190} INFO - Airflow is running in the directory: /opt/***
[2024-11-09T18:58:00.853+0000] {logging_mixin.py:190} INFO - Fetching data from MongoDB...
[2024-11-09T18:58:00.878+0000] {base.py:84} INFO - Retrieving connection 'mongo_default'
[2024-11-09T18:58:31.464+0000] {logging_mixin.py:190} INFO -                                              journal indexation  \
0            Published in: IEEE Access ( Volume: 11)       IEEE   
1            Published in: IEEE Access ( Volume: 12)       IEEE   
2            Published in: IEEE Access ( Volume: 11)       IEEE   
3            Published in: IEEE Access ( Volume: 12)       IEEE   
4  Published in: IEEE Transactions on Software En...       IEEE   

       publication                               doi  \
0  Publisher: IEEE  DOI: 10.1109/ACCESS.2023.3325325   
1  Publisher: IEEE  DOI: 10.1109/ACCESS.2024.3402832   
2  Publisher: IEEE  DOI: 10.1109/ACCESS.2023.3325325   
3  Publisher: IEEE  DOI: 10.1109/ACCESS.2024.3402832   
4  Publisher: IEEE     DOI: 10.1109/TSE.2021.3102982   

                                               titre  \
0  A Systematic Framework for Addressing Critical...   
1  Prioritizing DevOps Implementation Guidelines ...   
2  A Systematic Framework for Addressing Critical...   
3  Prioritizing DevOps Implementation Guidelines ...   
4  DevOps Team Structures: Characterization and I...   

                                          chercheurs  \
0  Kausar-Nasreen Khattak; Faiza Qayyum; Syed She...   
1  Muhammad Zohaib; Ahmed Alsanad; Areej Abdullah...   
2  Kausar-Nasreen Khattak; Faiza Qayyum; Syed She...   
3  Muhammad Zohaib; Ahmed Alsanad; Areej Abdullah...   
4  Daniel López-Fernández; Jessica Díaz; Javier G...   

                                        laboratoires  \
0  Department of Computing, Riphah International ...   
1                                     Non disponible   
2  Department of Computing, Riphah International ...   
3                                                      
4                                                      

                                            abstract  \
0  DevOps is the bundle of applications and cultu...   
1  The DevOps paradigm is increasingly being adop...   
2  DevOps is the bundle of applications and cultu...   
3  The DevOps paradigm is increasingly being adop...   
4  Context : DevOps can be defined as a cultural ...   

                                                ISSN  \
0  {'Print ISSN': 'Non disponible', 'Electronic I...   
1  {'Print ISSN': 'Non disponible', 'Electronic I...   
2  {'Print ISSN': 'Non disponible', 'Electronic I...   
3  {'Print ISSN': 'Non disponible', 'Electronic I...   
4  {'Print ISSN': '0098-5589', 'Electronic ISSN':...   

                                            quartile      pays  
0                          Journal pas indexé Scopus  Pakistan  
1                          Journal pas indexé Scopus      None  
2                          Journal pas indexé Scopus  Pakistan  
3                          Journal pas indexé Scopus      None  
4  [{'année': '1999', 'quartil': 'Q1'}, {'année':...      None  
[2024-11-09T18:58:31.602+0000] {python.py:240} INFO - Done. Returned value was: /tmp/mongo_data.json
[2024-11-09T18:58:31.670+0000] {taskinstance.py:340} INFO - ::group::Post task execution logs
[2024-11-09T18:58:31.670+0000] {taskinstance.py:352} INFO - Marking task as SUCCESS. dag_id=mongodb_atlas_fetch_load_data, task_id=fetch_data, run_id=manual__2024-11-09T18:57:43.199995+00:00, execution_date=20241109T185743, start_date=20241109T185800, end_date=20241109T185831
[2024-11-09T18:58:31.698+0000] {logging_mixin.py:190} INFO - Task instance in success state
[2024-11-09T18:58:31.698+0000] {logging_mixin.py:190} INFO -  Previous state of the Task instance: running
[2024-11-09T18:58:31.699+0000] {logging_mixin.py:190} INFO - Dag name:mongodb_atlas_fetch_load_data queued_at:2024-11-09 18:57:43.237812+00:00
[2024-11-09T18:58:31.700+0000] {logging_mixin.py:190} INFO - Task hostname:c81164041ce5 operator:PythonOperator
[2024-11-09T18:58:31.754+0000] {local_task_job_runner.py:266} INFO - Task exited with return code 0
[2024-11-09T18:58:31.795+0000] {taskinstance.py:3895} INFO - 1 downstream tasks scheduled from follow-on schedule check
[2024-11-09T18:58:31.799+0000] {local_task_job_runner.py:245} INFO - ::endgroup::
