[2024-11-10T13:48:41.344+0000] {local_task_job_runner.py:123} INFO - ::group::Pre task execution logs
[2024-11-10T13:48:41.363+0000] {taskinstance.py:2613} INFO - Dependencies all met for dep_context=non-requeueable deps ti=<TaskInstance: mongodb_atlas_fetch_load.fetch_data manual__2024-11-10T13:48:38.282960+00:00 [queued]>
[2024-11-10T13:48:41.374+0000] {taskinstance.py:2613} INFO - Dependencies all met for dep_context=requeueable deps ti=<TaskInstance: mongodb_atlas_fetch_load.fetch_data manual__2024-11-10T13:48:38.282960+00:00 [queued]>
[2024-11-10T13:48:41.374+0000] {taskinstance.py:2866} INFO - Starting attempt 1 of 1
[2024-11-10T13:48:41.393+0000] {taskinstance.py:2889} INFO - Executing <Task(PythonOperator): fetch_data> on 2024-11-10 13:48:38.282960+00:00
[2024-11-10T13:48:41.404+0000] {warnings.py:112} WARNING - /home/***/.local/lib/python3.12/site-packages/***/task/task_runner/standard_task_runner.py:70: DeprecationWarning: This process (pid=806) is multi-threaded, use of fork() may lead to deadlocks in the child.
  pid = os.fork()

[2024-11-10T13:48:41.407+0000] {standard_task_runner.py:72} INFO - Started process 808 to run task
[2024-11-10T13:48:41.408+0000] {standard_task_runner.py:104} INFO - Running: ['***', 'tasks', 'run', 'mongodb_atlas_fetch_load', 'fetch_data', 'manual__2024-11-10T13:48:38.282960+00:00', '--job-id', '127', '--raw', '--subdir', 'DAGS_FOLDER/et_pipeline.py', '--cfg-path', '/tmp/tmpabq8so1s']
[2024-11-10T13:48:41.409+0000] {standard_task_runner.py:105} INFO - Job 127: Subtask fetch_data
[2024-11-10T13:48:41.466+0000] {task_command.py:467} INFO - Running <TaskInstance: mongodb_atlas_fetch_load.fetch_data manual__2024-11-10T13:48:38.282960+00:00 [running]> on host 1f39038b9de8
[2024-11-10T13:48:41.575+0000] {taskinstance.py:3132} INFO - Exporting env vars: AIRFLOW_CTX_DAG_OWNER='***' AIRFLOW_CTX_DAG_ID='mongodb_atlas_fetch_load' AIRFLOW_CTX_TASK_ID='fetch_data' AIRFLOW_CTX_EXECUTION_DATE='2024-11-10T13:48:38.282960+00:00' AIRFLOW_CTX_TRY_NUMBER='1' AIRFLOW_CTX_DAG_RUN_ID='manual__2024-11-10T13:48:38.282960+00:00'
[2024-11-10T13:48:41.577+0000] {logging_mixin.py:190} INFO - Task instance is in running state
[2024-11-10T13:48:41.578+0000] {logging_mixin.py:190} INFO -  Previous state of the Task instance: queued
[2024-11-10T13:48:41.578+0000] {logging_mixin.py:190} INFO - Current task name:fetch_data state:running start_date:2024-11-10 13:48:41.364308+00:00
[2024-11-10T13:48:41.578+0000] {logging_mixin.py:190} INFO - Dag name:mongodb_atlas_fetch_load and current dag run status:running
[2024-11-10T13:48:41.579+0000] {taskinstance.py:731} INFO - ::endgroup::
[2024-11-10T13:48:41.593+0000] {base.py:84} INFO - Retrieving connection 'mongo_default'
[2024-11-10T13:49:05.701+0000] {python.py:240} INFO - Done. Returned value was: /tmp/mongo_data.json
[2024-11-10T13:49:05.731+0000] {taskinstance.py:340} INFO - ::group::Post task execution logs
[2024-11-10T13:49:05.732+0000] {taskinstance.py:352} INFO - Marking task as SUCCESS. dag_id=mongodb_atlas_fetch_load, task_id=fetch_data, run_id=manual__2024-11-10T13:48:38.282960+00:00, execution_date=20241110T134838, start_date=20241110T134841, end_date=20241110T134905
[2024-11-10T13:49:05.747+0000] {logging_mixin.py:190} INFO - Task instance in success state
[2024-11-10T13:49:05.748+0000] {logging_mixin.py:190} INFO -  Previous state of the Task instance: running
[2024-11-10T13:49:05.748+0000] {logging_mixin.py:190} INFO - Dag name:mongodb_atlas_fetch_load queued_at:2024-11-10 13:48:38.303559+00:00
[2024-11-10T13:49:05.748+0000] {logging_mixin.py:190} INFO - Task hostname:1f39038b9de8 operator:PythonOperator
[2024-11-10T13:49:05.764+0000] {local_task_job_runner.py:266} INFO - Task exited with return code 0
[2024-11-10T13:49:05.791+0000] {taskinstance.py:3895} INFO - 1 downstream tasks scheduled from follow-on schedule check
[2024-11-10T13:49:05.794+0000] {local_task_job_runner.py:245} INFO - ::endgroup::
