[2024-11-09T11:51:50.278+0000] {local_task_job_runner.py:123} INFO - ::group::Pre task execution logs
[2024-11-09T11:51:50.300+0000] {taskinstance.py:2613} INFO - Dependencies all met for dep_context=non-requeueable deps ti=<TaskInstance: mongodb_atlas_fetch_data.fetch_data manual__2024-11-09T11:51:46.934168+00:00 [queued]>
[2024-11-09T11:51:50.312+0000] {taskinstance.py:2613} INFO - Dependencies all met for dep_context=requeueable deps ti=<TaskInstance: mongodb_atlas_fetch_data.fetch_data manual__2024-11-09T11:51:46.934168+00:00 [queued]>
[2024-11-09T11:51:50.312+0000] {taskinstance.py:2866} INFO - Starting attempt 1 of 1
[2024-11-09T11:51:50.334+0000] {taskinstance.py:2889} INFO - Executing <Task(PythonOperator): fetch_data> on 2024-11-09 11:51:46.934168+00:00
[2024-11-09T11:51:50.348+0000] {warnings.py:112} WARNING - /home/***/.local/lib/python3.12/site-packages/***/task/task_runner/standard_task_runner.py:70: DeprecationWarning: This process (pid=658) is multi-threaded, use of fork() may lead to deadlocks in the child.
  pid = os.fork()

[2024-11-09T11:51:50.350+0000] {standard_task_runner.py:72} INFO - Started process 660 to run task
[2024-11-09T11:51:50.351+0000] {standard_task_runner.py:104} INFO - Running: ['***', 'tasks', 'run', 'mongodb_atlas_fetch_data', 'fetch_data', 'manual__2024-11-09T11:51:46.934168+00:00', '--job-id', '39', '--raw', '--subdir', 'DAGS_FOLDER/et_pipeline.py', '--cfg-path', '/tmp/tmp_7306fby']
[2024-11-09T11:51:50.352+0000] {standard_task_runner.py:105} INFO - Job 39: Subtask fetch_data
[2024-11-09T11:51:50.451+0000] {task_command.py:467} INFO - Running <TaskInstance: mongodb_atlas_fetch_data.fetch_data manual__2024-11-09T11:51:46.934168+00:00 [running]> on host 501997186f25
[2024-11-09T11:51:50.874+0000] {taskinstance.py:3132} INFO - Exporting env vars: AIRFLOW_CTX_DAG_OWNER='***' AIRFLOW_CTX_DAG_ID='mongodb_atlas_fetch_data' AIRFLOW_CTX_TASK_ID='fetch_data' AIRFLOW_CTX_EXECUTION_DATE='2024-11-09T11:51:46.934168+00:00' AIRFLOW_CTX_TRY_NUMBER='1' AIRFLOW_CTX_DAG_RUN_ID='manual__2024-11-09T11:51:46.934168+00:00'
[2024-11-09T11:51:50.875+0000] {logging_mixin.py:190} INFO - Task instance is in running state
[2024-11-09T11:51:50.876+0000] {logging_mixin.py:190} INFO -  Previous state of the Task instance: queued
[2024-11-09T11:51:50.876+0000] {logging_mixin.py:190} INFO - Current task name:fetch_data state:running start_date:2024-11-09 11:51:50.301290+00:00
[2024-11-09T11:51:50.877+0000] {logging_mixin.py:190} INFO - Dag name:mongodb_atlas_fetch_data and current dag run status:running
[2024-11-09T11:51:50.877+0000] {taskinstance.py:731} INFO - ::endgroup::
[2024-11-09T11:51:50.892+0000] {base.py:84} INFO - Retrieving connection 'mongo_default'
[2024-11-09T11:51:52.956+0000] {logging_mixin.py:190} INFO - [
    {
        "_id": "672f31891e17ec3a269dc22e",
        "journal": "Published in: IEEE Access ( Volume: 11)",
        "indexation": "IEEE",
        "publication": "Publisher: IEEE",
        "doi": "DOI: 10.1109/ACCESS.2023.3325325",
        "titre": "A Systematic Framework for Addressing Critical Challenges in Adopting DevOps Culture in Software Development: A PLS-SEM Perspective",
        "chercheurs": "Kausar-Nasreen Khattak; Faiza Qayyum; Syed Shehryar Ali Naqvi; Asif Mehmood; Jungsuk Kim",
        "laboratoires": "Non disponible",
        "abstract": "DevOps is the bundle of applications and culture activity that focuses to separate the challenges between evaluation and performance associates to boost participation and communication. Several companies clutch DevOps fundamentals due to tremendous perspectives, like small tempo for production, rise accuracy, and durability. In contempt of the global assumption of DevOps and its framework, there is an absence of interpretation studies and essential ideas, implementation, and issues related to executing DevOps procedures. The major objective of this research study is to investigate and study issues affiliated with the DevOps culture (DVC) and applications. The challenges that are challenging in adopting DevOps culture in software development (SD) are inspected by conducting the systematic literature review (SLR). Furthermore, it explains the working of DevOps in industries, gives full clarification of DevOps, and probes the cultural issues faced by the industries while executing DevOps. This study discloses ten barriers that should be declamation in accepting DevOps culture. In accordance with the discoveries, these ten barriers contemplate during the execution of DevOps culture i.e. lack of collaboration and coordination, Lack of skill and knowledge, complicated infrastructure, Lack of management, Lack of DevOps approach, and trust confidence problems.",
        "ISSN": {
            "Print ISSN": "Non disponible",
            "Electronic ISSN": "2169-3536",
            "CD": "Non disponible"
        },
        "quartile": "Journal pas index\u00e9 Scopus",
        "pays": null
    },
    {
        "_id": "672f3223911cff78ae03550d",
        "journal": "Published in: IEEE Access ( Volume: 11)",
        "indexation": "IEEE",
        "publication": "Publisher: IEEE",
        "doi": "DOI: 10.1109/ACCESS.2023.3325325",
        "titre": "A Systematic Framework for Addressing Critical Challenges in Adopting DevOps Culture in Software Development: A PLS-SEM Perspective",
        "chercheurs": "Kausar-Nasreen Khattak; Faiza Qayyum; Syed Shehryar Ali Naqvi; Asif Mehmood; Jungsuk Kim",
        "laboratoires": "Non disponible",
        "abstract": "DevOps is the bundle of applications and culture activity that focuses to separate the challenges between evaluation and performance associates to boost participation and communication. Several companies clutch DevOps fundamentals due to tremendous perspectives, like small tempo for production, rise accuracy, and durability. In contempt of the global assumption of DevOps and its framework, there is an absence of interpretation studies and essential ideas, implementation, and issues related to executing DevOps procedures. The major objective of this research study is to investigate and study issues affiliated with the DevOps culture (DVC) and applications. The challenges that are challenging in adopting DevOps culture in software development (SD) are inspected by conducting the systematic literature review (SLR). Furthermore, it explains the working of DevOps in industries, gives full clarification of DevOps, and probes the cultural issues faced by the industries while executing DevOps. This study discloses ten barriers that should be declamation in accepting DevOps culture. In accordance with the discoveries, these ten barriers contemplate during the execution of DevOps culture i.e. lack of collaboration and coordination, Lack of skill and knowledge, complicated infrastructure, Lack of management, Lack of DevOps approach, and trust confidence problems.",
        "ISSN": {
            "Print ISSN": "Non disponible",
            "Electronic ISSN": "2169-3536",
            "CD": "Non disponible"
        },
        "quartile": "Journal pas index\u00e9 Scopus",
        "pays": null
    },
    {
        "_id": "672f329c49067b356a34e56f",
        "journal": "Published in: IEEE Access ( Volume: 11)",
        "indexation": "IEEE",
        "publication": "Publisher: IEEE",
        "doi": "DOI: 10.1109/ACCESS.2023.3325325",
        "titre": "A Systematic Framework for Addressing Critical Challenges in Adopting DevOps Culture in Software Development: A PLS-SEM Perspective",
        "chercheurs": "Kausar-Nasreen Khattak; Faiza Qayyum; Syed Shehryar Ali Naqvi; Asif Mehmood; Jungsuk Kim",
        "laboratoires": "Non disponible",
        "abstract": "DevOps is the bundle of applications and culture activity that focuses to separate the challenges between evaluation and performance associates to boost participation and communication. Several companies clutch DevOps fundamentals due to tremendous perspectives, like small tempo for production, rise accuracy, and durability. In contempt of the global assumption of DevOps and its framework, there is an absence of interpretation studies and essential ideas, implementation, and issues related to executing DevOps procedures. The major objective of this research study is to investigate and study issues affiliated with the DevOps culture (DVC) and applications. The challenges that are challenging in adopting DevOps culture in software development (SD) are inspected by conducting the systematic literature review (SLR). Furthermore, it explains the working of DevOps in industries, gives full clarification of DevOps, and probes the cultural issues faced by the industries while executing DevOps. This study discloses ten barriers that should be declamation in accepting DevOps culture. In accordance with the discoveries, these ten barriers contemplate during the execution of DevOps culture i.e. lack of collaboration and coordination, Lack of skill and knowledge, complicated infrastructure, Lack of management, Lack of DevOps approach, and trust confidence problems.",
        "ISSN": {
            "Print ISSN": "Non disponible",
            "Electronic ISSN": "2169-3536",
            "CD": "Non disponible"
        },
        "quartile": "Journal pas index\u00e9 Scopus",
        "pays": null
    },
    {
        "_id": "672f33a794e00f15d188bec8",
        "journal": "Published in: IEEE Access ( Volume: 11)",
        "indexation": "IEEE",
        "publication": "Publisher: IEEE",
        "doi": "DOI: 10.1109/ACCESS.2023.3325325",
        "titre": "A Systematic Framework for Addressing Critical Challenges in Adopting DevOps Culture in Software Development: A PLS-SEM Perspective",
        "chercheurs": "Kausar-Nasreen Khattak; Faiza Qayyum; Syed Shehryar Ali Naqvi; Asif Mehmood; Jungsuk Kim",
        "laboratoires": "Kausar-Nasreen Khattak; Faiza Qayyum; Syed Shehryar Ali Naqvi; Asif Mehmood; Jungsuk Kim",
        "abstract": "DevOps is the bundle of applications and culture activity that focuses to separate the challenges between evaluation and performance associates to boost participation and communication. Several companies clutch DevOps fundamentals due to tremendous perspectives, like small tempo for production, rise accuracy, and durability. In contempt of the global assumption of DevOps and its framework, there is an absence of interpretation studies and essential ideas, implementation, and issues related to executing DevOps procedures. The major objective of this research study is to investigate and study issues affiliated with the DevOps culture (DVC) and applications. The challenges that are challenging in adopting DevOps culture in software development (SD) are inspected by conducting the systematic literature review (SLR). Furthermore, it explains the working of DevOps in industries, gives full clarification of DevOps, and probes the cultural issues faced by the industries while executing DevOps. This study discloses ten barriers that should be declamation in accepting DevOps culture. In accordance with the discoveries, these ten barriers contemplate during the execution of DevOps culture i.e. lack of collaboration and coordination, Lack of skill and knowledge, complicated infrastructure, Lack of management, Lack of DevOps approach, and trust confidence problems.",
        "ISSN": {
            "Print ISSN": "Non disponible",
            "Electronic ISSN": "2169-3536",
            "CD": "Non disponible"
        },
        "quartile": "Journal pas index\u00e9 Scopus",
        "pays": null
    }
]
[2024-11-09T11:51:52.959+0000] {python.py:240} INFO - Done. Returned value was: None
[2024-11-09T11:51:52.981+0000] {taskinstance.py:340} INFO - ::group::Post task execution logs
[2024-11-09T11:51:52.982+0000] {taskinstance.py:352} INFO - Marking task as SUCCESS. dag_id=mongodb_atlas_fetch_data, task_id=fetch_data, run_id=manual__2024-11-09T11:51:46.934168+00:00, execution_date=20241109T115146, start_date=20241109T115150, end_date=20241109T115152
[2024-11-09T11:51:52.996+0000] {logging_mixin.py:190} INFO - Task instance in success state
[2024-11-09T11:51:52.996+0000] {logging_mixin.py:190} INFO -  Previous state of the Task instance: running
[2024-11-09T11:51:52.997+0000] {logging_mixin.py:190} INFO - Dag name:mongodb_atlas_fetch_data queued_at:2024-11-09 11:51:46.958416+00:00
[2024-11-09T11:51:52.997+0000] {logging_mixin.py:190} INFO - Task hostname:501997186f25 operator:PythonOperator
[2024-11-09T11:51:53.022+0000] {local_task_job_runner.py:266} INFO - Task exited with return code 0
[2024-11-09T11:51:53.043+0000] {taskinstance.py:3895} INFO - 0 downstream tasks scheduled from follow-on schedule check
[2024-11-09T11:51:53.046+0000] {local_task_job_runner.py:245} INFO - ::endgroup::
