[2024-11-07T23:46:26.682+0000] {processor.py:186} INFO - Started process (PID=3689) to work on /opt/airflow/dags/dag.py
[2024-11-07T23:46:26.684+0000] {processor.py:914} INFO - Processing file /opt/airflow/dags/dag.py for tasks to queue
[2024-11-07T23:46:26.691+0000] {logging_mixin.py:190} INFO - [2024-11-07T23:46:26.690+0000] {dagbag.py:588} INFO - Filling up the DagBag from /opt/airflow/dags/dag.py
[2024-11-07T23:46:26.702+0000] {logging_mixin.py:190} INFO - [2024-11-07T23:46:26.696+0000] {dagbag.py:387} ERROR - Failed to import: /opt/airflow/dags/dag.py
Traceback (most recent call last):
  File "/home/airflow/.local/lib/python3.12/site-packages/airflow/models/dagbag.py", line 383, in parse
    loader.exec_module(new_module)
  File "<frozen importlib._bootstrap_external>", line 995, in exec_module
  File "<frozen importlib._bootstrap>", line 488, in _call_with_frames_removed
  File "/opt/airflow/dags/dag.py", line 9, in <module>
    'retry_delay': timedelta(minutes=5),
                   ^^^^^^^^^
NameError: name 'timedelta' is not defined
[2024-11-07T23:46:26.707+0000] {processor.py:927} WARNING - No viable dags retrieved from /opt/airflow/dags/dag.py
[2024-11-07T23:46:26.740+0000] {processor.py:208} INFO - Processing /opt/airflow/dags/dag.py took 0.076 seconds
[2024-11-07T23:46:57.037+0000] {processor.py:186} INFO - Started process (PID=3753) to work on /opt/airflow/dags/dag.py
[2024-11-07T23:46:57.040+0000] {processor.py:914} INFO - Processing file /opt/airflow/dags/dag.py for tasks to queue
[2024-11-07T23:46:57.052+0000] {logging_mixin.py:190} INFO - [2024-11-07T23:46:57.050+0000] {dagbag.py:588} INFO - Filling up the DagBag from /opt/airflow/dags/dag.py
[2024-11-07T23:46:57.090+0000] {logging_mixin.py:190} INFO - [2024-11-07T23:46:57.064+0000] {dagbag.py:387} ERROR - Failed to import: /opt/airflow/dags/dag.py
Traceback (most recent call last):
  File "/home/airflow/.local/lib/python3.12/site-packages/airflow/models/dagbag.py", line 383, in parse
    loader.exec_module(new_module)
  File "<frozen importlib._bootstrap_external>", line 995, in exec_module
  File "<frozen importlib._bootstrap>", line 488, in _call_with_frames_removed
  File "/opt/airflow/dags/dag.py", line 9, in <module>
    'retry_delay': timedelta(minutes=5),
                   ^^^^^^^^^
NameError: name 'timedelta' is not defined
[2024-11-07T23:46:57.125+0000] {processor.py:927} WARNING - No viable dags retrieved from /opt/airflow/dags/dag.py
[2024-11-07T23:46:57.206+0000] {processor.py:208} INFO - Processing /opt/airflow/dags/dag.py took 0.202 seconds
[2024-11-07T23:47:28.022+0000] {processor.py:186} INFO - Started process (PID=3817) to work on /opt/airflow/dags/dag.py
[2024-11-07T23:47:28.025+0000] {processor.py:914} INFO - Processing file /opt/airflow/dags/dag.py for tasks to queue
[2024-11-07T23:47:28.039+0000] {logging_mixin.py:190} INFO - [2024-11-07T23:47:28.038+0000] {dagbag.py:588} INFO - Filling up the DagBag from /opt/airflow/dags/dag.py
[2024-11-07T23:47:28.059+0000] {logging_mixin.py:190} INFO - [2024-11-07T23:47:28.048+0000] {dagbag.py:387} ERROR - Failed to import: /opt/airflow/dags/dag.py
Traceback (most recent call last):
  File "/home/airflow/.local/lib/python3.12/site-packages/airflow/models/dagbag.py", line 383, in parse
    loader.exec_module(new_module)
  File "<frozen importlib._bootstrap_external>", line 995, in exec_module
  File "<frozen importlib._bootstrap>", line 488, in _call_with_frames_removed
  File "/opt/airflow/dags/dag.py", line 9, in <module>
    'retry_delay': timedelta(minutes=5),
                   ^^^^^^^^^
NameError: name 'timedelta' is not defined
[2024-11-07T23:47:28.072+0000] {processor.py:927} WARNING - No viable dags retrieved from /opt/airflow/dags/dag.py
[2024-11-07T23:47:28.115+0000] {processor.py:208} INFO - Processing /opt/airflow/dags/dag.py took 0.124 seconds
[2024-11-07T23:47:49.266+0000] {processor.py:186} INFO - Started process (PID=3870) to work on /opt/airflow/dags/dag.py
[2024-11-07T23:47:49.269+0000] {processor.py:914} INFO - Processing file /opt/airflow/dags/dag.py for tasks to queue
[2024-11-07T23:47:49.276+0000] {logging_mixin.py:190} INFO - [2024-11-07T23:47:49.275+0000] {dagbag.py:588} INFO - Filling up the DagBag from /opt/airflow/dags/dag.py
[2024-11-07T23:47:49.302+0000] {processor.py:925} INFO - DAG(s) 'create_postgres_table_dag' retrieved from /opt/airflow/dags/dag.py
[2024-11-07T23:47:49.686+0000] {logging_mixin.py:190} INFO - [2024-11-07T23:47:49.685+0000] {override.py:1911} INFO - Created Permission View: can delete on DAG:create_postgres_table_dag
[2024-11-07T23:47:49.705+0000] {logging_mixin.py:190} INFO - [2024-11-07T23:47:49.704+0000] {override.py:1911} INFO - Created Permission View: can edit on DAG:create_postgres_table_dag
[2024-11-07T23:47:49.719+0000] {logging_mixin.py:190} INFO - [2024-11-07T23:47:49.718+0000] {override.py:1911} INFO - Created Permission View: can read on DAG:create_postgres_table_dag
[2024-11-07T23:47:49.742+0000] {logging_mixin.py:190} INFO - [2024-11-07T23:47:49.742+0000] {override.py:1911} INFO - Created Permission View: can create on DAG Run:create_postgres_table_dag
[2024-11-07T23:47:49.759+0000] {logging_mixin.py:190} INFO - [2024-11-07T23:47:49.758+0000] {override.py:1911} INFO - Created Permission View: can delete on DAG Run:create_postgres_table_dag
[2024-11-07T23:47:49.772+0000] {logging_mixin.py:190} INFO - [2024-11-07T23:47:49.772+0000] {override.py:1911} INFO - Created Permission View: menu access on DAG Run:create_postgres_table_dag
[2024-11-07T23:47:49.786+0000] {logging_mixin.py:190} INFO - [2024-11-07T23:47:49.786+0000] {override.py:1911} INFO - Created Permission View: can read on DAG Run:create_postgres_table_dag
[2024-11-07T23:47:49.787+0000] {logging_mixin.py:190} INFO - [2024-11-07T23:47:49.787+0000] {dag.py:3239} INFO - Sync 1 DAGs
[2024-11-07T23:47:49.817+0000] {logging_mixin.py:190} INFO - [2024-11-07T23:47:49.817+0000] {dag.py:3262} INFO - Creating ORM DAG for create_postgres_table_dag
[2024-11-07T23:47:49.818+0000] {logging_mixin.py:190} INFO - [2024-11-07T23:47:49.818+0000] {dag.py:4180} INFO - Setting next_dagrun for create_postgres_table_dag to None, run_after=None
[2024-11-07T23:47:49.850+0000] {processor.py:208} INFO - Processing /opt/airflow/dags/dag.py took 0.605 seconds
[2024-11-07T23:47:54.465+0000] {processor.py:186} INFO - Started process (PID=3877) to work on /opt/airflow/dags/dag.py
[2024-11-07T23:47:54.467+0000] {processor.py:914} INFO - Processing file /opt/airflow/dags/dag.py for tasks to queue
[2024-11-07T23:47:54.471+0000] {logging_mixin.py:190} INFO - [2024-11-07T23:47:54.471+0000] {dagbag.py:588} INFO - Filling up the DagBag from /opt/airflow/dags/dag.py
[2024-11-07T23:47:54.489+0000] {processor.py:925} INFO - DAG(s) 'create_postgres_table_dag' retrieved from /opt/airflow/dags/dag.py
[2024-11-07T23:47:54.524+0000] {logging_mixin.py:190} INFO - [2024-11-07T23:47:54.524+0000] {dag.py:3239} INFO - Sync 1 DAGs
[2024-11-07T23:47:54.562+0000] {logging_mixin.py:190} INFO - [2024-11-07T23:47:54.562+0000] {dag.py:4180} INFO - Setting next_dagrun for create_postgres_table_dag to None, run_after=None
[2024-11-07T23:47:54.596+0000] {processor.py:208} INFO - Processing /opt/airflow/dags/dag.py took 0.142 seconds
[2024-11-07T23:48:07.758+0000] {processor.py:186} INFO - Started process (PID=3902) to work on /opt/airflow/dags/dag.py
[2024-11-07T23:48:07.764+0000] {processor.py:914} INFO - Processing file /opt/airflow/dags/dag.py for tasks to queue
[2024-11-07T23:48:07.778+0000] {logging_mixin.py:190} INFO - [2024-11-07T23:48:07.776+0000] {dagbag.py:588} INFO - Filling up the DagBag from /opt/airflow/dags/dag.py
[2024-11-07T23:48:07.826+0000] {processor.py:925} INFO - DAG(s) 'create_postgres_table_dag' retrieved from /opt/airflow/dags/dag.py
[2024-11-07T23:48:07.887+0000] {logging_mixin.py:190} INFO - [2024-11-07T23:48:07.886+0000] {dag.py:3239} INFO - Sync 1 DAGs
[2024-11-07T23:48:07.950+0000] {logging_mixin.py:190} INFO - [2024-11-07T23:48:07.949+0000] {dag.py:4180} INFO - Setting next_dagrun for create_postgres_table_dag to None, run_after=None
[2024-11-07T23:48:07.996+0000] {processor.py:208} INFO - Processing /opt/airflow/dags/dag.py took 0.264 seconds
[2024-11-07T23:48:09.217+0000] {processor.py:186} INFO - Started process (PID=3911) to work on /opt/airflow/dags/dag.py
[2024-11-07T23:48:09.219+0000] {processor.py:914} INFO - Processing file /opt/airflow/dags/dag.py for tasks to queue
[2024-11-07T23:48:09.222+0000] {logging_mixin.py:190} INFO - [2024-11-07T23:48:09.222+0000] {dagbag.py:588} INFO - Filling up the DagBag from /opt/airflow/dags/dag.py
[2024-11-07T23:48:09.235+0000] {processor.py:925} INFO - DAG(s) 'create_postgres_table_dag' retrieved from /opt/airflow/dags/dag.py
[2024-11-07T23:48:09.254+0000] {logging_mixin.py:190} INFO - [2024-11-07T23:48:09.253+0000] {dag.py:3239} INFO - Sync 1 DAGs
[2024-11-07T23:48:09.284+0000] {logging_mixin.py:190} INFO - [2024-11-07T23:48:09.284+0000] {dag.py:4180} INFO - Setting next_dagrun for create_postgres_table_dag to None, run_after=None
[2024-11-07T23:48:09.318+0000] {processor.py:208} INFO - Processing /opt/airflow/dags/dag.py took 0.110 seconds
[2024-11-07T23:48:39.398+0000] {processor.py:186} INFO - Started process (PID=3970) to work on /opt/airflow/dags/dag.py
[2024-11-07T23:48:39.401+0000] {processor.py:914} INFO - Processing file /opt/airflow/dags/dag.py for tasks to queue
[2024-11-07T23:48:39.407+0000] {logging_mixin.py:190} INFO - [2024-11-07T23:48:39.406+0000] {dagbag.py:588} INFO - Filling up the DagBag from /opt/airflow/dags/dag.py
[2024-11-07T23:48:39.426+0000] {processor.py:925} INFO - DAG(s) 'create_postgres_table_dag' retrieved from /opt/airflow/dags/dag.py
[2024-11-07T23:48:39.779+0000] {logging_mixin.py:190} INFO - [2024-11-07T23:48:39.779+0000] {dag.py:3239} INFO - Sync 1 DAGs
[2024-11-07T23:48:39.817+0000] {logging_mixin.py:190} INFO - [2024-11-07T23:48:39.816+0000] {dag.py:4180} INFO - Setting next_dagrun for create_postgres_table_dag to None, run_after=None
[2024-11-07T23:48:39.868+0000] {processor.py:208} INFO - Processing /opt/airflow/dags/dag.py took 0.492 seconds
[2024-11-07T23:49:10.575+0000] {processor.py:186} INFO - Started process (PID=4035) to work on /opt/airflow/dags/dag.py
[2024-11-07T23:49:10.577+0000] {processor.py:914} INFO - Processing file /opt/airflow/dags/dag.py for tasks to queue
[2024-11-07T23:49:10.580+0000] {logging_mixin.py:190} INFO - [2024-11-07T23:49:10.580+0000] {dagbag.py:588} INFO - Filling up the DagBag from /opt/airflow/dags/dag.py
[2024-11-07T23:49:10.592+0000] {processor.py:925} INFO - DAG(s) 'create_postgres_table_dag' retrieved from /opt/airflow/dags/dag.py
[2024-11-07T23:49:10.623+0000] {logging_mixin.py:190} INFO - [2024-11-07T23:49:10.623+0000] {dag.py:3239} INFO - Sync 1 DAGs
[2024-11-07T23:49:10.658+0000] {logging_mixin.py:190} INFO - [2024-11-07T23:49:10.658+0000] {dag.py:4180} INFO - Setting next_dagrun for create_postgres_table_dag to None, run_after=None
[2024-11-07T23:49:10.702+0000] {processor.py:208} INFO - Processing /opt/airflow/dags/dag.py took 0.138 seconds
[2024-11-07T23:49:40.970+0000] {processor.py:186} INFO - Started process (PID=4094) to work on /opt/airflow/dags/dag.py
[2024-11-07T23:49:40.972+0000] {processor.py:914} INFO - Processing file /opt/airflow/dags/dag.py for tasks to queue
[2024-11-07T23:49:40.981+0000] {logging_mixin.py:190} INFO - [2024-11-07T23:49:40.979+0000] {dagbag.py:588} INFO - Filling up the DagBag from /opt/airflow/dags/dag.py
[2024-11-07T23:49:41.007+0000] {processor.py:925} INFO - DAG(s) 'create_postgres_table_dag' retrieved from /opt/airflow/dags/dag.py
[2024-11-07T23:49:41.081+0000] {logging_mixin.py:190} INFO - [2024-11-07T23:49:41.080+0000] {dag.py:3239} INFO - Sync 1 DAGs
[2024-11-07T23:49:41.161+0000] {logging_mixin.py:190} INFO - [2024-11-07T23:49:41.160+0000] {dag.py:4180} INFO - Setting next_dagrun for create_postgres_table_dag to None, run_after=None
[2024-11-07T23:49:41.237+0000] {processor.py:208} INFO - Processing /opt/airflow/dags/dag.py took 0.289 seconds
[2024-11-07T23:50:11.410+0000] {processor.py:186} INFO - Started process (PID=4158) to work on /opt/airflow/dags/dag.py
[2024-11-07T23:50:11.413+0000] {processor.py:914} INFO - Processing file /opt/airflow/dags/dag.py for tasks to queue
[2024-11-07T23:50:11.424+0000] {logging_mixin.py:190} INFO - [2024-11-07T23:50:11.422+0000] {dagbag.py:588} INFO - Filling up the DagBag from /opt/airflow/dags/dag.py
[2024-11-07T23:50:11.457+0000] {processor.py:925} INFO - DAG(s) 'create_postgres_table_dag' retrieved from /opt/airflow/dags/dag.py
[2024-11-07T23:50:11.558+0000] {logging_mixin.py:190} INFO - [2024-11-07T23:50:11.557+0000] {dag.py:3239} INFO - Sync 1 DAGs
[2024-11-07T23:50:11.612+0000] {logging_mixin.py:190} INFO - [2024-11-07T23:50:11.611+0000] {dag.py:4180} INFO - Setting next_dagrun for create_postgres_table_dag to None, run_after=None
[2024-11-07T23:50:11.657+0000] {processor.py:208} INFO - Processing /opt/airflow/dags/dag.py took 0.273 seconds
[2024-11-07T23:50:42.188+0000] {processor.py:186} INFO - Started process (PID=4222) to work on /opt/airflow/dags/dag.py
[2024-11-07T23:50:42.190+0000] {processor.py:914} INFO - Processing file /opt/airflow/dags/dag.py for tasks to queue
[2024-11-07T23:50:42.196+0000] {logging_mixin.py:190} INFO - [2024-11-07T23:50:42.195+0000] {dagbag.py:588} INFO - Filling up the DagBag from /opt/airflow/dags/dag.py
[2024-11-07T23:50:42.213+0000] {processor.py:925} INFO - DAG(s) 'create_postgres_table_dag' retrieved from /opt/airflow/dags/dag.py
[2024-11-07T23:50:42.259+0000] {logging_mixin.py:190} INFO - [2024-11-07T23:50:42.258+0000] {dag.py:3239} INFO - Sync 1 DAGs
[2024-11-07T23:50:42.304+0000] {logging_mixin.py:190} INFO - [2024-11-07T23:50:42.304+0000] {dag.py:4180} INFO - Setting next_dagrun for create_postgres_table_dag to None, run_after=None
[2024-11-07T23:50:42.372+0000] {processor.py:208} INFO - Processing /opt/airflow/dags/dag.py took 0.199 seconds
[2024-11-07T23:51:13.065+0000] {processor.py:186} INFO - Started process (PID=4285) to work on /opt/airflow/dags/dag.py
[2024-11-07T23:51:13.068+0000] {processor.py:914} INFO - Processing file /opt/airflow/dags/dag.py for tasks to queue
[2024-11-07T23:51:13.073+0000] {logging_mixin.py:190} INFO - [2024-11-07T23:51:13.072+0000] {dagbag.py:588} INFO - Filling up the DagBag from /opt/airflow/dags/dag.py
[2024-11-07T23:51:13.091+0000] {processor.py:925} INFO - DAG(s) 'create_postgres_table_dag' retrieved from /opt/airflow/dags/dag.py
[2024-11-07T23:51:13.149+0000] {logging_mixin.py:190} INFO - [2024-11-07T23:51:13.149+0000] {dag.py:3239} INFO - Sync 1 DAGs
[2024-11-07T23:51:13.193+0000] {logging_mixin.py:190} INFO - [2024-11-07T23:51:13.192+0000] {dag.py:4180} INFO - Setting next_dagrun for create_postgres_table_dag to None, run_after=None
[2024-11-07T23:51:13.249+0000] {processor.py:208} INFO - Processing /opt/airflow/dags/dag.py took 0.204 seconds
[2024-11-07T23:51:43.383+0000] {processor.py:186} INFO - Started process (PID=4349) to work on /opt/airflow/dags/dag.py
[2024-11-07T23:51:43.384+0000] {processor.py:914} INFO - Processing file /opt/airflow/dags/dag.py for tasks to queue
[2024-11-07T23:51:43.388+0000] {logging_mixin.py:190} INFO - [2024-11-07T23:51:43.387+0000] {dagbag.py:588} INFO - Filling up the DagBag from /opt/airflow/dags/dag.py
[2024-11-07T23:51:43.399+0000] {processor.py:925} INFO - DAG(s) 'create_postgres_table_dag' retrieved from /opt/airflow/dags/dag.py
[2024-11-07T23:51:43.428+0000] {logging_mixin.py:190} INFO - [2024-11-07T23:51:43.427+0000] {dag.py:3239} INFO - Sync 1 DAGs
[2024-11-07T23:51:43.451+0000] {logging_mixin.py:190} INFO - [2024-11-07T23:51:43.451+0000] {dag.py:4180} INFO - Setting next_dagrun for create_postgres_table_dag to None, run_after=None
[2024-11-07T23:51:43.495+0000] {processor.py:208} INFO - Processing /opt/airflow/dags/dag.py took 0.122 seconds
[2024-11-07T23:52:13.568+0000] {processor.py:186} INFO - Started process (PID=4413) to work on /opt/airflow/dags/dag.py
[2024-11-07T23:52:13.570+0000] {processor.py:914} INFO - Processing file /opt/airflow/dags/dag.py for tasks to queue
[2024-11-07T23:52:13.574+0000] {logging_mixin.py:190} INFO - [2024-11-07T23:52:13.574+0000] {dagbag.py:588} INFO - Filling up the DagBag from /opt/airflow/dags/dag.py
[2024-11-07T23:52:13.593+0000] {processor.py:925} INFO - DAG(s) 'create_postgres_table_dag' retrieved from /opt/airflow/dags/dag.py
[2024-11-07T23:52:13.636+0000] {logging_mixin.py:190} INFO - [2024-11-07T23:52:13.635+0000] {dag.py:3239} INFO - Sync 1 DAGs
[2024-11-07T23:52:13.674+0000] {logging_mixin.py:190} INFO - [2024-11-07T23:52:13.673+0000] {dag.py:4180} INFO - Setting next_dagrun for create_postgres_table_dag to None, run_after=None
[2024-11-07T23:52:13.711+0000] {processor.py:208} INFO - Processing /opt/airflow/dags/dag.py took 0.155 seconds
[2024-11-07T23:52:44.243+0000] {processor.py:186} INFO - Started process (PID=4477) to work on /opt/airflow/dags/dag.py
[2024-11-07T23:52:44.245+0000] {processor.py:914} INFO - Processing file /opt/airflow/dags/dag.py for tasks to queue
[2024-11-07T23:52:44.251+0000] {logging_mixin.py:190} INFO - [2024-11-07T23:52:44.250+0000] {dagbag.py:588} INFO - Filling up the DagBag from /opt/airflow/dags/dag.py
[2024-11-07T23:52:44.271+0000] {processor.py:925} INFO - DAG(s) 'create_postgres_table_dag' retrieved from /opt/airflow/dags/dag.py
[2024-11-07T23:52:44.326+0000] {logging_mixin.py:190} INFO - [2024-11-07T23:52:44.325+0000] {dag.py:3239} INFO - Sync 1 DAGs
[2024-11-07T23:52:44.375+0000] {logging_mixin.py:190} INFO - [2024-11-07T23:52:44.375+0000] {dag.py:4180} INFO - Setting next_dagrun for create_postgres_table_dag to None, run_after=None
[2024-11-07T23:52:44.421+0000] {processor.py:208} INFO - Processing /opt/airflow/dags/dag.py took 0.205 seconds
[2024-11-07T23:53:15.494+0000] {processor.py:186} INFO - Started process (PID=4540) to work on /opt/airflow/dags/dag.py
[2024-11-07T23:53:15.497+0000] {processor.py:914} INFO - Processing file /opt/airflow/dags/dag.py for tasks to queue
[2024-11-07T23:53:15.501+0000] {logging_mixin.py:190} INFO - [2024-11-07T23:53:15.500+0000] {dagbag.py:588} INFO - Filling up the DagBag from /opt/airflow/dags/dag.py
[2024-11-07T23:53:15.515+0000] {processor.py:925} INFO - DAG(s) 'create_postgres_table_dag' retrieved from /opt/airflow/dags/dag.py
[2024-11-07T23:53:15.561+0000] {logging_mixin.py:190} INFO - [2024-11-07T23:53:15.560+0000] {dag.py:3239} INFO - Sync 1 DAGs
[2024-11-07T23:53:15.600+0000] {logging_mixin.py:190} INFO - [2024-11-07T23:53:15.599+0000] {dag.py:4180} INFO - Setting next_dagrun for create_postgres_table_dag to None, run_after=None
[2024-11-07T23:53:15.642+0000] {processor.py:208} INFO - Processing /opt/airflow/dags/dag.py took 0.165 seconds
[2024-11-07T23:53:45.938+0000] {processor.py:186} INFO - Started process (PID=4601) to work on /opt/airflow/dags/dag.py
[2024-11-07T23:53:45.942+0000] {processor.py:914} INFO - Processing file /opt/airflow/dags/dag.py for tasks to queue
[2024-11-07T23:53:45.954+0000] {logging_mixin.py:190} INFO - [2024-11-07T23:53:45.953+0000] {dagbag.py:588} INFO - Filling up the DagBag from /opt/airflow/dags/dag.py
[2024-11-07T23:53:45.981+0000] {processor.py:925} INFO - DAG(s) 'create_postgres_table_dag' retrieved from /opt/airflow/dags/dag.py
[2024-11-07T23:53:46.075+0000] {logging_mixin.py:190} INFO - [2024-11-07T23:53:46.074+0000] {dag.py:3239} INFO - Sync 1 DAGs
[2024-11-07T23:53:46.118+0000] {logging_mixin.py:190} INFO - [2024-11-07T23:53:46.118+0000] {dag.py:4180} INFO - Setting next_dagrun for create_postgres_table_dag to None, run_after=None
[2024-11-07T23:53:46.156+0000] {processor.py:208} INFO - Processing /opt/airflow/dags/dag.py took 0.265 seconds
[2024-11-07T23:54:16.435+0000] {processor.py:186} INFO - Started process (PID=4665) to work on /opt/airflow/dags/dag.py
[2024-11-07T23:54:16.438+0000] {processor.py:914} INFO - Processing file /opt/airflow/dags/dag.py for tasks to queue
[2024-11-07T23:54:16.448+0000] {logging_mixin.py:190} INFO - [2024-11-07T23:54:16.446+0000] {dagbag.py:588} INFO - Filling up the DagBag from /opt/airflow/dags/dag.py
[2024-11-07T23:54:16.477+0000] {processor.py:925} INFO - DAG(s) 'create_postgres_table_dag' retrieved from /opt/airflow/dags/dag.py
[2024-11-07T23:54:16.544+0000] {logging_mixin.py:190} INFO - [2024-11-07T23:54:16.544+0000] {dag.py:3239} INFO - Sync 1 DAGs
[2024-11-07T23:54:16.595+0000] {logging_mixin.py:190} INFO - [2024-11-07T23:54:16.595+0000] {dag.py:4180} INFO - Setting next_dagrun for create_postgres_table_dag to None, run_after=None
[2024-11-07T23:54:16.648+0000] {processor.py:208} INFO - Processing /opt/airflow/dags/dag.py took 0.240 seconds
[2024-11-07T23:54:47.037+0000] {processor.py:186} INFO - Started process (PID=4728) to work on /opt/airflow/dags/dag.py
[2024-11-07T23:54:47.039+0000] {processor.py:914} INFO - Processing file /opt/airflow/dags/dag.py for tasks to queue
[2024-11-07T23:54:47.048+0000] {logging_mixin.py:190} INFO - [2024-11-07T23:54:47.047+0000] {dagbag.py:588} INFO - Filling up the DagBag from /opt/airflow/dags/dag.py
[2024-11-07T23:54:47.065+0000] {processor.py:925} INFO - DAG(s) 'create_postgres_table_dag' retrieved from /opt/airflow/dags/dag.py
[2024-11-07T23:54:47.131+0000] {logging_mixin.py:190} INFO - [2024-11-07T23:54:47.130+0000] {dag.py:3239} INFO - Sync 1 DAGs
[2024-11-07T23:54:47.206+0000] {logging_mixin.py:190} INFO - [2024-11-07T23:54:47.205+0000] {dag.py:4180} INFO - Setting next_dagrun for create_postgres_table_dag to None, run_after=None
[2024-11-07T23:54:47.267+0000] {processor.py:208} INFO - Processing /opt/airflow/dags/dag.py took 0.245 seconds
[2024-11-07T23:55:11.536+0000] {processor.py:186} INFO - Started process (PID=4788) to work on /opt/airflow/dags/dag.py
[2024-11-07T23:55:11.538+0000] {processor.py:914} INFO - Processing file /opt/airflow/dags/dag.py for tasks to queue
[2024-11-07T23:55:11.546+0000] {logging_mixin.py:190} INFO - [2024-11-07T23:55:11.545+0000] {dagbag.py:588} INFO - Filling up the DagBag from /opt/airflow/dags/dag.py
[2024-11-07T23:55:11.562+0000] {processor.py:925} INFO - DAG(s) 'create_postgres_table_dag' retrieved from /opt/airflow/dags/dag.py
[2024-11-07T23:55:11.598+0000] {logging_mixin.py:190} INFO - [2024-11-07T23:55:11.598+0000] {dag.py:3239} INFO - Sync 1 DAGs
[2024-11-07T23:55:11.626+0000] {logging_mixin.py:190} INFO - [2024-11-07T23:55:11.626+0000] {dag.py:4180} INFO - Setting next_dagrun for create_postgres_table_dag to None, run_after=None
[2024-11-07T23:55:11.660+0000] {processor.py:208} INFO - Processing /opt/airflow/dags/dag.py took 0.153 seconds
[2024-11-07T23:55:12.547+0000] {processor.py:186} INFO - Started process (PID=4789) to work on /opt/airflow/dags/dag.py
[2024-11-07T23:55:12.549+0000] {processor.py:914} INFO - Processing file /opt/airflow/dags/dag.py for tasks to queue
[2024-11-07T23:55:12.555+0000] {logging_mixin.py:190} INFO - [2024-11-07T23:55:12.554+0000] {dagbag.py:588} INFO - Filling up the DagBag from /opt/airflow/dags/dag.py
[2024-11-07T23:55:12.574+0000] {processor.py:925} INFO - DAG(s) 'create_postgres_table_dag' retrieved from /opt/airflow/dags/dag.py
[2024-11-07T23:55:12.851+0000] {logging_mixin.py:190} INFO - [2024-11-07T23:55:12.851+0000] {dag.py:3239} INFO - Sync 1 DAGs
[2024-11-07T23:55:12.877+0000] {logging_mixin.py:190} INFO - [2024-11-07T23:55:12.876+0000] {dag.py:4180} INFO - Setting next_dagrun for create_postgres_table_dag to None, run_after=None
[2024-11-07T23:55:12.913+0000] {processor.py:208} INFO - Processing /opt/airflow/dags/dag.py took 0.382 seconds
[2024-11-07T23:55:15.265+0000] {processor.py:186} INFO - Started process (PID=4791) to work on /opt/airflow/dags/dag.py
[2024-11-07T23:55:15.268+0000] {processor.py:914} INFO - Processing file /opt/airflow/dags/dag.py for tasks to queue
[2024-11-07T23:55:15.279+0000] {logging_mixin.py:190} INFO - [2024-11-07T23:55:15.278+0000] {dagbag.py:588} INFO - Filling up the DagBag from /opt/airflow/dags/dag.py
[2024-11-07T23:55:15.318+0000] {processor.py:925} INFO - DAG(s) 'create_postgres_table_dag' retrieved from /opt/airflow/dags/dag.py
[2024-11-07T23:55:15.375+0000] {logging_mixin.py:190} INFO - [2024-11-07T23:55:15.374+0000] {dag.py:3239} INFO - Sync 1 DAGs
[2024-11-07T23:55:15.424+0000] {logging_mixin.py:190} INFO - [2024-11-07T23:55:15.424+0000] {dag.py:4180} INFO - Setting next_dagrun for create_postgres_table_dag to None, run_after=None
[2024-11-07T23:55:15.461+0000] {processor.py:208} INFO - Processing /opt/airflow/dags/dag.py took 0.224 seconds
[2024-11-07T23:55:25.770+0000] {processor.py:186} INFO - Started process (PID=4821) to work on /opt/airflow/dags/dag.py
[2024-11-07T23:55:25.772+0000] {processor.py:914} INFO - Processing file /opt/airflow/dags/dag.py for tasks to queue
[2024-11-07T23:55:25.778+0000] {logging_mixin.py:190} INFO - [2024-11-07T23:55:25.777+0000] {dagbag.py:588} INFO - Filling up the DagBag from /opt/airflow/dags/dag.py
[2024-11-07T23:55:25.793+0000] {processor.py:925} INFO - DAG(s) 'create_postgres_table_dag' retrieved from /opt/airflow/dags/dag.py
[2024-11-07T23:55:25.815+0000] {logging_mixin.py:190} INFO - [2024-11-07T23:55:25.814+0000] {dag.py:3239} INFO - Sync 1 DAGs
[2024-11-07T23:55:25.844+0000] {logging_mixin.py:190} INFO - [2024-11-07T23:55:25.843+0000] {dag.py:4180} INFO - Setting next_dagrun for create_postgres_table_dag to None, run_after=None
[2024-11-07T23:55:25.880+0000] {processor.py:208} INFO - Processing /opt/airflow/dags/dag.py took 0.130 seconds
[2024-11-07T23:55:38.388+0000] {processor.py:186} INFO - Started process (PID=4843) to work on /opt/airflow/dags/dag.py
[2024-11-07T23:55:38.391+0000] {processor.py:914} INFO - Processing file /opt/airflow/dags/dag.py for tasks to queue
[2024-11-07T23:55:38.398+0000] {logging_mixin.py:190} INFO - [2024-11-07T23:55:38.396+0000] {dagbag.py:588} INFO - Filling up the DagBag from /opt/airflow/dags/dag.py
[2024-11-07T23:55:38.433+0000] {processor.py:925} INFO - DAG(s) 'create_postgres_table_dag' retrieved from /opt/airflow/dags/dag.py
[2024-11-07T23:55:38.473+0000] {logging_mixin.py:190} INFO - [2024-11-07T23:55:38.472+0000] {dag.py:3239} INFO - Sync 1 DAGs
[2024-11-07T23:55:38.526+0000] {logging_mixin.py:190} INFO - [2024-11-07T23:55:38.525+0000] {dag.py:4180} INFO - Setting next_dagrun for create_postgres_table_dag to None, run_after=None
[2024-11-07T23:55:38.570+0000] {processor.py:208} INFO - Processing /opt/airflow/dags/dag.py took 0.205 seconds
[2024-11-07T23:55:41.720+0000] {processor.py:186} INFO - Started process (PID=4854) to work on /opt/airflow/dags/dag.py
[2024-11-07T23:55:41.722+0000] {processor.py:914} INFO - Processing file /opt/airflow/dags/dag.py for tasks to queue
[2024-11-07T23:55:41.726+0000] {logging_mixin.py:190} INFO - [2024-11-07T23:55:41.725+0000] {dagbag.py:588} INFO - Filling up the DagBag from /opt/airflow/dags/dag.py
[2024-11-07T23:55:41.746+0000] {processor.py:925} INFO - DAG(s) 'create_postgres_table_dag' retrieved from /opt/airflow/dags/dag.py
[2024-11-07T23:55:41.782+0000] {logging_mixin.py:190} INFO - [2024-11-07T23:55:41.782+0000] {dag.py:3239} INFO - Sync 1 DAGs
[2024-11-07T23:55:41.826+0000] {logging_mixin.py:190} INFO - [2024-11-07T23:55:41.825+0000] {dag.py:4180} INFO - Setting next_dagrun for create_postgres_table_dag to None, run_after=None
[2024-11-07T23:55:41.883+0000] {processor.py:208} INFO - Processing /opt/airflow/dags/dag.py took 0.173 seconds
[2024-11-07T23:55:46.527+0000] {processor.py:186} INFO - Started process (PID=4857) to work on /opt/airflow/dags/dag.py
[2024-11-07T23:55:46.529+0000] {processor.py:914} INFO - Processing file /opt/airflow/dags/dag.py for tasks to queue
[2024-11-07T23:55:46.537+0000] {logging_mixin.py:190} INFO - [2024-11-07T23:55:46.536+0000] {dagbag.py:588} INFO - Filling up the DagBag from /opt/airflow/dags/dag.py
[2024-11-07T23:55:46.566+0000] {processor.py:925} INFO - DAG(s) 'create_postgres_table_dag' retrieved from /opt/airflow/dags/dag.py
[2024-11-07T23:55:46.844+0000] {logging_mixin.py:190} INFO - [2024-11-07T23:55:46.844+0000] {dag.py:3239} INFO - Sync 1 DAGs
[2024-11-07T23:55:46.866+0000] {logging_mixin.py:190} INFO - [2024-11-07T23:55:46.866+0000] {dag.py:4180} INFO - Setting next_dagrun for create_postgres_table_dag to None, run_after=None
[2024-11-07T23:55:46.907+0000] {processor.py:208} INFO - Processing /opt/airflow/dags/dag.py took 0.401 seconds
[2024-11-07T23:56:17.022+0000] {processor.py:186} INFO - Started process (PID=4921) to work on /opt/airflow/dags/dag.py
[2024-11-07T23:56:17.024+0000] {processor.py:914} INFO - Processing file /opt/airflow/dags/dag.py for tasks to queue
[2024-11-07T23:56:17.027+0000] {logging_mixin.py:190} INFO - [2024-11-07T23:56:17.027+0000] {dagbag.py:588} INFO - Filling up the DagBag from /opt/airflow/dags/dag.py
[2024-11-07T23:56:17.041+0000] {processor.py:925} INFO - DAG(s) 'create_postgres_table_dag' retrieved from /opt/airflow/dags/dag.py
[2024-11-07T23:56:17.075+0000] {logging_mixin.py:190} INFO - [2024-11-07T23:56:17.074+0000] {dag.py:3239} INFO - Sync 1 DAGs
[2024-11-07T23:56:17.099+0000] {logging_mixin.py:190} INFO - [2024-11-07T23:56:17.099+0000] {dag.py:4180} INFO - Setting next_dagrun for create_postgres_table_dag to None, run_after=None
[2024-11-07T23:56:17.127+0000] {processor.py:208} INFO - Processing /opt/airflow/dags/dag.py took 0.115 seconds
[2024-11-07T23:56:47.294+0000] {processor.py:186} INFO - Started process (PID=4985) to work on /opt/airflow/dags/dag.py
[2024-11-07T23:56:47.295+0000] {processor.py:914} INFO - Processing file /opt/airflow/dags/dag.py for tasks to queue
[2024-11-07T23:56:47.298+0000] {logging_mixin.py:190} INFO - [2024-11-07T23:56:47.298+0000] {dagbag.py:588} INFO - Filling up the DagBag from /opt/airflow/dags/dag.py
[2024-11-07T23:56:47.310+0000] {processor.py:925} INFO - DAG(s) 'create_postgres_table_dag' retrieved from /opt/airflow/dags/dag.py
[2024-11-07T23:56:47.338+0000] {logging_mixin.py:190} INFO - [2024-11-07T23:56:47.338+0000] {dag.py:3239} INFO - Sync 1 DAGs
[2024-11-07T23:56:47.360+0000] {logging_mixin.py:190} INFO - [2024-11-07T23:56:47.360+0000] {dag.py:4180} INFO - Setting next_dagrun for create_postgres_table_dag to None, run_after=None
[2024-11-07T23:56:47.392+0000] {processor.py:208} INFO - Processing /opt/airflow/dags/dag.py took 0.108 seconds
[2024-11-07T23:57:17.737+0000] {processor.py:186} INFO - Started process (PID=5049) to work on /opt/airflow/dags/dag.py
[2024-11-07T23:57:17.739+0000] {processor.py:914} INFO - Processing file /opt/airflow/dags/dag.py for tasks to queue
[2024-11-07T23:57:17.744+0000] {logging_mixin.py:190} INFO - [2024-11-07T23:57:17.743+0000] {dagbag.py:588} INFO - Filling up the DagBag from /opt/airflow/dags/dag.py
[2024-11-07T23:57:17.761+0000] {processor.py:925} INFO - DAG(s) 'create_postgres_table_dag' retrieved from /opt/airflow/dags/dag.py
[2024-11-07T23:57:17.811+0000] {logging_mixin.py:190} INFO - [2024-11-07T23:57:17.811+0000] {dag.py:3239} INFO - Sync 1 DAGs
[2024-11-07T23:57:17.859+0000] {logging_mixin.py:190} INFO - [2024-11-07T23:57:17.859+0000] {dag.py:4180} INFO - Setting next_dagrun for create_postgres_table_dag to None, run_after=None
[2024-11-07T23:57:17.907+0000] {processor.py:208} INFO - Processing /opt/airflow/dags/dag.py took 0.183 seconds
[2024-11-07T23:57:48.128+0000] {processor.py:186} INFO - Started process (PID=5112) to work on /opt/airflow/dags/dag.py
[2024-11-07T23:57:48.131+0000] {processor.py:914} INFO - Processing file /opt/airflow/dags/dag.py for tasks to queue
[2024-11-07T23:57:48.138+0000] {logging_mixin.py:190} INFO - [2024-11-07T23:57:48.137+0000] {dagbag.py:588} INFO - Filling up the DagBag from /opt/airflow/dags/dag.py
[2024-11-07T23:57:48.168+0000] {processor.py:925} INFO - DAG(s) 'create_postgres_table_dag' retrieved from /opt/airflow/dags/dag.py
[2024-11-07T23:57:48.229+0000] {logging_mixin.py:190} INFO - [2024-11-07T23:57:48.228+0000] {dag.py:3239} INFO - Sync 1 DAGs
[2024-11-07T23:57:48.255+0000] {logging_mixin.py:190} INFO - [2024-11-07T23:57:48.255+0000] {dag.py:4180} INFO - Setting next_dagrun for create_postgres_table_dag to None, run_after=None
[2024-11-07T23:57:48.288+0000] {processor.py:208} INFO - Processing /opt/airflow/dags/dag.py took 0.182 seconds
