[2024-11-09T13:45:25.306+0000] {local_task_job_runner.py:123} INFO - ::group::Pre task execution logs
[2024-11-09T13:45:25.408+0000] {taskinstance.py:2613} INFO - Dependencies all met for dep_context=non-requeueable deps ti=<TaskInstance: mongodb_atlas_fetch_data.fetch_data manual__2024-11-09T13:45:17.306311+00:00 [queued]>
[2024-11-09T13:45:25.445+0000] {taskinstance.py:2613} INFO - Dependencies all met for dep_context=requeueable deps ti=<TaskInstance: mongodb_atlas_fetch_data.fetch_data manual__2024-11-09T13:45:17.306311+00:00 [queued]>
[2024-11-09T13:45:25.448+0000] {taskinstance.py:2866} INFO - Starting attempt 1 of 1
[2024-11-09T13:45:25.508+0000] {taskinstance.py:2889} INFO - Executing <Task(PythonOperator): fetch_data> on 2024-11-09 13:45:17.306311+00:00
[2024-11-09T13:45:25.537+0000] {warnings.py:112} WARNING - /home/***/.local/lib/python3.12/site-packages/***/task/task_runner/standard_task_runner.py:70: DeprecationWarning: This process (pid=335) is multi-threaded, use of fork() may lead to deadlocks in the child.
  pid = os.fork()

[2024-11-09T13:45:25.546+0000] {standard_task_runner.py:72} INFO - Started process 337 to run task
[2024-11-09T13:45:25.550+0000] {standard_task_runner.py:104} INFO - Running: ['***', 'tasks', 'run', 'mongodb_atlas_fetch_data', 'fetch_data', 'manual__2024-11-09T13:45:17.306311+00:00', '--job-id', '50', '--raw', '--subdir', 'DAGS_FOLDER/et_pipeline.py', '--cfg-path', '/tmp/tmpfh39kvha']
[2024-11-09T13:45:25.553+0000] {standard_task_runner.py:105} INFO - Job 50: Subtask fetch_data
[2024-11-09T13:45:25.726+0000] {task_command.py:467} INFO - Running <TaskInstance: mongodb_atlas_fetch_data.fetch_data manual__2024-11-09T13:45:17.306311+00:00 [running]> on host 9d4f5fb4a641
[2024-11-09T13:45:26.687+0000] {taskinstance.py:3132} INFO - Exporting env vars: AIRFLOW_CTX_DAG_OWNER='***' AIRFLOW_CTX_DAG_ID='mongodb_atlas_fetch_data' AIRFLOW_CTX_TASK_ID='fetch_data' AIRFLOW_CTX_EXECUTION_DATE='2024-11-09T13:45:17.306311+00:00' AIRFLOW_CTX_TRY_NUMBER='1' AIRFLOW_CTX_DAG_RUN_ID='manual__2024-11-09T13:45:17.306311+00:00'
[2024-11-09T13:45:26.691+0000] {logging_mixin.py:190} INFO - Task instance is in running state
[2024-11-09T13:45:26.692+0000] {logging_mixin.py:190} INFO -  Previous state of the Task instance: queued
[2024-11-09T13:45:26.694+0000] {logging_mixin.py:190} INFO - Current task name:fetch_data state:running start_date:2024-11-09 13:45:25.411117+00:00
[2024-11-09T13:45:26.695+0000] {logging_mixin.py:190} INFO - Dag name:mongodb_atlas_fetch_data and current dag run status:running
[2024-11-09T13:45:26.698+0000] {taskinstance.py:731} INFO - ::endgroup::
[2024-11-09T13:45:26.700+0000] {logging_mixin.py:190} INFO - Hello world! Fetching data from MongoDB...
[2024-11-09T13:45:26.729+0000] {base.py:84} INFO - Retrieving connection 'mongo_default'
[2024-11-09T13:45:30.348+0000] {logging_mixin.py:190} INFO -                         _id  ...  pays
0  672f31891e17ec3a269dc22e  ...  None
1  672f3223911cff78ae03550d  ...  None
2  672f329c49067b356a34e56f  ...  None
3  672f33a794e00f15d188bec8  ...  None
4  672f5cfd869b3065697734ec  ...  None

[5 rows x 12 columns]
[2024-11-09T13:45:30.349+0000] {python.py:240} INFO - Done. Returned value was: None
[2024-11-09T13:45:30.372+0000] {taskinstance.py:340} INFO - ::group::Post task execution logs
[2024-11-09T13:45:30.373+0000] {taskinstance.py:352} INFO - Marking task as SUCCESS. dag_id=mongodb_atlas_fetch_data, task_id=fetch_data, run_id=manual__2024-11-09T13:45:17.306311+00:00, execution_date=20241109T134517, start_date=20241109T134525, end_date=20241109T134530
[2024-11-09T13:45:30.392+0000] {logging_mixin.py:190} INFO - Task instance in success state
[2024-11-09T13:45:30.393+0000] {logging_mixin.py:190} INFO -  Previous state of the Task instance: running
[2024-11-09T13:45:30.394+0000] {logging_mixin.py:190} INFO - Dag name:mongodb_atlas_fetch_data queued_at:2024-11-09 13:45:17.376517+00:00
[2024-11-09T13:45:30.395+0000] {logging_mixin.py:190} INFO - Task hostname:9d4f5fb4a641 operator:PythonOperator
[2024-11-09T13:45:30.448+0000] {local_task_job_runner.py:266} INFO - Task exited with return code 0
[2024-11-09T13:45:30.503+0000] {taskinstance.py:3895} INFO - 0 downstream tasks scheduled from follow-on schedule check
[2024-11-09T13:45:30.509+0000] {local_task_job_runner.py:245} INFO - ::endgroup::
[2024-11-09T13:45:30.555+0000] {standard_task_runner.py:217} INFO - Process not found (most likely exited), stop collecting metrics
