[2024-11-09T12:06:23.459+0000] {local_task_job_runner.py:123} INFO - ::group::Pre task execution logs
[2024-11-09T12:06:23.484+0000] {taskinstance.py:2613} INFO - Dependencies all met for dep_context=non-requeueable deps ti=<TaskInstance: mongodb_atlas_fetch_data.fetch_data manual__2024-11-09T12:06:20.462071+00:00 [queued]>
[2024-11-09T12:06:23.494+0000] {taskinstance.py:2613} INFO - Dependencies all met for dep_context=requeueable deps ti=<TaskInstance: mongodb_atlas_fetch_data.fetch_data manual__2024-11-09T12:06:20.462071+00:00 [queued]>
[2024-11-09T12:06:23.495+0000] {taskinstance.py:2866} INFO - Starting attempt 1 of 1
[2024-11-09T12:06:23.510+0000] {taskinstance.py:2889} INFO - Executing <Task(PythonOperator): fetch_data> on 2024-11-09 12:06:20.462071+00:00
[2024-11-09T12:06:23.520+0000] {warnings.py:112} WARNING - /home/***/.local/lib/python3.12/site-packages/***/task/task_runner/standard_task_runner.py:70: DeprecationWarning: This process (pid=863) is multi-threaded, use of fork() may lead to deadlocks in the child.
  pid = os.fork()

[2024-11-09T12:06:23.521+0000] {standard_task_runner.py:72} INFO - Started process 865 to run task
[2024-11-09T12:06:23.523+0000] {standard_task_runner.py:104} INFO - Running: ['***', 'tasks', 'run', 'mongodb_atlas_fetch_data', 'fetch_data', 'manual__2024-11-09T12:06:20.462071+00:00', '--job-id', '42', '--raw', '--subdir', 'DAGS_FOLDER/et_pipeline.py', '--cfg-path', '/tmp/tmp3wvnavh2']
[2024-11-09T12:06:23.525+0000] {standard_task_runner.py:105} INFO - Job 42: Subtask fetch_data
[2024-11-09T12:06:23.578+0000] {task_command.py:467} INFO - Running <TaskInstance: mongodb_atlas_fetch_data.fetch_data manual__2024-11-09T12:06:20.462071+00:00 [running]> on host 501997186f25
[2024-11-09T12:06:23.940+0000] {taskinstance.py:3132} INFO - Exporting env vars: AIRFLOW_CTX_DAG_OWNER='***' AIRFLOW_CTX_DAG_ID='mongodb_atlas_fetch_data' AIRFLOW_CTX_TASK_ID='fetch_data' AIRFLOW_CTX_EXECUTION_DATE='2024-11-09T12:06:20.462071+00:00' AIRFLOW_CTX_TRY_NUMBER='1' AIRFLOW_CTX_DAG_RUN_ID='manual__2024-11-09T12:06:20.462071+00:00'
[2024-11-09T12:06:23.942+0000] {logging_mixin.py:190} INFO - Task instance is in running state
[2024-11-09T12:06:23.942+0000] {logging_mixin.py:190} INFO -  Previous state of the Task instance: queued
[2024-11-09T12:06:23.943+0000] {logging_mixin.py:190} INFO - Current task name:fetch_data state:running start_date:2024-11-09 12:06:23.485090+00:00
[2024-11-09T12:06:23.943+0000] {logging_mixin.py:190} INFO - Dag name:mongodb_atlas_fetch_data and current dag run status:running
[2024-11-09T12:06:23.943+0000] {taskinstance.py:731} INFO - ::endgroup::
[2024-11-09T12:06:23.954+0000] {base.py:84} INFO - Retrieving connection 'mongo_default'
[2024-11-09T12:06:26.014+0000] {logging_mixin.py:190} INFO - Data written to output_file.json
[2024-11-09T12:06:26.016+0000] {python.py:240} INFO - Done. Returned value was: None
[2024-11-09T12:06:26.058+0000] {taskinstance.py:340} INFO - ::group::Post task execution logs
[2024-11-09T12:06:26.059+0000] {taskinstance.py:352} INFO - Marking task as SUCCESS. dag_id=mongodb_atlas_fetch_data, task_id=fetch_data, run_id=manual__2024-11-09T12:06:20.462071+00:00, execution_date=20241109T120620, start_date=20241109T120623, end_date=20241109T120626
[2024-11-09T12:06:26.151+0000] {logging_mixin.py:190} INFO - Task instance in success state
[2024-11-09T12:06:26.153+0000] {logging_mixin.py:190} INFO -  Previous state of the Task instance: running
[2024-11-09T12:06:26.154+0000] {logging_mixin.py:190} INFO - Dag name:mongodb_atlas_fetch_data queued_at:2024-11-09 12:06:20.479699+00:00
[2024-11-09T12:06:26.155+0000] {logging_mixin.py:190} INFO - Task hostname:501997186f25 operator:PythonOperator
[2024-11-09T12:06:26.226+0000] {local_task_job_runner.py:266} INFO - Task exited with return code 0
[2024-11-09T12:06:26.256+0000] {taskinstance.py:3895} INFO - 0 downstream tasks scheduled from follow-on schedule check
[2024-11-09T12:06:26.260+0000] {local_task_job_runner.py:245} INFO - ::endgroup::
