[2024-11-08T20:33:39.606+0000] {local_task_job_runner.py:123} INFO - ::group::Pre task execution logs
[2024-11-08T20:33:39.644+0000] {taskinstance.py:2613} INFO - Dependencies all met for dep_context=non-requeueable deps ti=<TaskInstance: create_postgres_table_dag.create_table manual__2024-11-08T20:33:18.818541+00:00 [queued]>
[2024-11-08T20:33:39.667+0000] {taskinstance.py:2613} INFO - Dependencies all met for dep_context=requeueable deps ti=<TaskInstance: create_postgres_table_dag.create_table manual__2024-11-08T20:33:18.818541+00:00 [queued]>
[2024-11-08T20:33:39.668+0000] {taskinstance.py:2866} INFO - Starting attempt 1 of 2
[2024-11-08T20:33:39.709+0000] {taskinstance.py:2889} INFO - Executing <Task(PostgresOperator): create_table> on 2024-11-08 20:33:18.818541+00:00
[2024-11-08T20:33:39.737+0000] {warnings.py:112} WARNING - /home/***/.local/lib/python3.12/site-packages/***/task/task_runner/standard_task_runner.py:70: DeprecationWarning: This process (pid=323) is multi-threaded, use of fork() may lead to deadlocks in the child.
  pid = os.fork()

[2024-11-08T20:33:39.741+0000] {standard_task_runner.py:72} INFO - Started process 332 to run task
[2024-11-08T20:33:39.744+0000] {standard_task_runner.py:104} INFO - Running: ['***', 'tasks', 'run', 'create_postgres_table_dag', 'create_table', 'manual__2024-11-08T20:33:18.818541+00:00', '--job-id', '33', '--raw', '--subdir', 'DAGS_FOLDER/dag.py', '--cfg-path', '/tmp/tmprfftr5df']
[2024-11-08T20:33:39.747+0000] {standard_task_runner.py:105} INFO - Job 33: Subtask create_table
[2024-11-08T20:33:39.931+0000] {task_command.py:467} INFO - Running <TaskInstance: create_postgres_table_dag.create_table manual__2024-11-08T20:33:18.818541+00:00 [running]> on host fd25dca0c445
[2024-11-08T20:33:40.128+0000] {taskinstance.py:3132} INFO - Exporting env vars: AIRFLOW_CTX_DAG_OWNER='***' AIRFLOW_CTX_DAG_ID='create_postgres_table_dag' AIRFLOW_CTX_TASK_ID='create_table' AIRFLOW_CTX_EXECUTION_DATE='2024-11-08T20:33:18.818541+00:00' AIRFLOW_CTX_TRY_NUMBER='1' AIRFLOW_CTX_DAG_RUN_ID='manual__2024-11-08T20:33:18.818541+00:00'
[2024-11-08T20:33:40.130+0000] {logging_mixin.py:190} INFO - Task instance is in running state
[2024-11-08T20:33:40.131+0000] {logging_mixin.py:190} INFO -  Previous state of the Task instance: queued
[2024-11-08T20:33:40.132+0000] {logging_mixin.py:190} INFO - Current task name:create_table state:running start_date:2024-11-08 20:33:39.645716+00:00
[2024-11-08T20:33:40.132+0000] {logging_mixin.py:190} INFO - Dag name:create_postgres_table_dag and current dag run status:running
[2024-11-08T20:33:40.133+0000] {taskinstance.py:731} INFO - ::endgroup::
[2024-11-08T20:33:40.134+0000] {sql.py:278} INFO - Executing: 
        CREATE TABLE IF NOT EXISTS my_table1 (
            id SERIAL PRIMARY KEY,
            name VARCHAR(50) NOT NULL,
            created_at TIMESTAMP DEFAULT CURRENT_TIMESTAMP
        );
        
[2024-11-08T20:33:40.151+0000] {base.py:84} INFO - Retrieving connection 'acticls_connection'
[2024-11-08T20:33:40.170+0000] {base.py:84} INFO - Retrieving connection 'acticls_connection'
[2024-11-08T20:33:40.177+0000] {sql.py:544} INFO - Running statement: 
        CREATE TABLE IF NOT EXISTS my_table1 (
            id SERIAL PRIMARY KEY,
            name VARCHAR(50) NOT NULL,
            created_at TIMESTAMP DEFAULT CURRENT_TIMESTAMP
        );
        , parameters: None
[2024-11-08T20:33:40.214+0000] {taskinstance.py:340} INFO - ::group::Post task execution logs
[2024-11-08T20:33:40.215+0000] {taskinstance.py:352} INFO - Marking task as SUCCESS. dag_id=create_postgres_table_dag, task_id=create_table, run_id=manual__2024-11-08T20:33:18.818541+00:00, execution_date=20241108T203318, start_date=20241108T203339, end_date=20241108T203340
[2024-11-08T20:33:40.231+0000] {logging_mixin.py:190} INFO - Task instance in success state
[2024-11-08T20:33:40.231+0000] {logging_mixin.py:190} INFO -  Previous state of the Task instance: running
[2024-11-08T20:33:40.232+0000] {logging_mixin.py:190} INFO - Dag name:create_postgres_table_dag queued_at:2024-11-08 20:33:18.877616+00:00
[2024-11-08T20:33:40.233+0000] {logging_mixin.py:190} INFO - Task hostname:fd25dca0c445 operator:PostgresOperator
[2024-11-08T20:33:40.255+0000] {local_task_job_runner.py:266} INFO - Task exited with return code 0
[2024-11-08T20:33:40.297+0000] {taskinstance.py:3895} INFO - 0 downstream tasks scheduled from follow-on schedule check
[2024-11-08T20:33:40.302+0000] {local_task_job_runner.py:245} INFO - ::endgroup::
