[2024-11-08T13:42:48.361+0000] {local_task_job_runner.py:123} INFO - ::group::Pre task execution logs
[2024-11-08T13:42:48.397+0000] {taskinstance.py:2613} INFO - Dependencies all met for dep_context=non-requeueable deps ti=<TaskInstance: create_postgres_table_dag.create_table manual__2024-11-08T13:37:44.123879+00:00 [queued]>
[2024-11-08T13:42:48.414+0000] {taskinstance.py:2613} INFO - Dependencies all met for dep_context=requeueable deps ti=<TaskInstance: create_postgres_table_dag.create_table manual__2024-11-08T13:37:44.123879+00:00 [queued]>
[2024-11-08T13:42:48.415+0000] {taskinstance.py:2866} INFO - Starting attempt 1 of 2
[2024-11-08T13:42:48.448+0000] {taskinstance.py:2889} INFO - Executing <Task(PostgresOperator): create_table> on 2024-11-08 13:37:44.123879+00:00
[2024-11-08T13:42:48.466+0000] {warnings.py:112} WARNING - /home/***/.local/lib/python3.12/site-packages/***/task/task_runner/standard_task_runner.py:70: DeprecationWarning: This process (pid=343) is multi-threaded, use of fork() may lead to deadlocks in the child.
  pid = os.fork()

[2024-11-08T13:42:48.469+0000] {standard_task_runner.py:72} INFO - Started process 345 to run task
[2024-11-08T13:42:48.474+0000] {standard_task_runner.py:104} INFO - Running: ['***', 'tasks', 'run', 'create_postgres_table_dag', 'create_table', 'manual__2024-11-08T13:37:44.123879+00:00', '--job-id', '12', '--raw', '--subdir', 'DAGS_FOLDER/dag.py', '--cfg-path', '/tmp/tmp8z2ax5k2']
[2024-11-08T13:42:48.479+0000] {standard_task_runner.py:105} INFO - Job 12: Subtask create_table
[2024-11-08T13:42:48.599+0000] {task_command.py:467} INFO - Running <TaskInstance: create_postgres_table_dag.create_table manual__2024-11-08T13:37:44.123879+00:00 [running]> on host 456dfefbad51
[2024-11-08T13:42:48.913+0000] {taskinstance.py:3132} INFO - Exporting env vars: AIRFLOW_CTX_DAG_OWNER='***' AIRFLOW_CTX_DAG_ID='create_postgres_table_dag' AIRFLOW_CTX_TASK_ID='create_table' AIRFLOW_CTX_EXECUTION_DATE='2024-11-08T13:37:44.123879+00:00' AIRFLOW_CTX_TRY_NUMBER='1' AIRFLOW_CTX_DAG_RUN_ID='manual__2024-11-08T13:37:44.123879+00:00'
[2024-11-08T13:42:48.916+0000] {logging_mixin.py:190} INFO - Task instance is in running state
[2024-11-08T13:42:48.920+0000] {logging_mixin.py:190} INFO -  Previous state of the Task instance: queued
[2024-11-08T13:42:48.921+0000] {logging_mixin.py:190} INFO - Current task name:create_table state:running start_date:2024-11-08 13:42:48.398025+00:00
[2024-11-08T13:42:48.922+0000] {logging_mixin.py:190} INFO - Dag name:create_postgres_table_dag and current dag run status:running
[2024-11-08T13:42:48.922+0000] {taskinstance.py:731} INFO - ::endgroup::
[2024-11-08T13:42:48.923+0000] {sql.py:278} INFO - Executing: 
        CREATE TABLE IF NOT EXISTS my_table (
            id SERIAL PRIMARY KEY,
            name VARCHAR(50) NOT NULL,
            created_at TIMESTAMP DEFAULT CURRENT_TIMESTAMP
        );
        
[2024-11-08T13:42:48.962+0000] {base.py:84} INFO - Retrieving connection 'acticls_connection'
[2024-11-08T13:42:48.991+0000] {base.py:84} INFO - Retrieving connection 'acticls_connection'
[2024-11-08T13:42:49.001+0000] {sql.py:544} INFO - Running statement: 
        CREATE TABLE IF NOT EXISTS my_table (
            id SERIAL PRIMARY KEY,
            name VARCHAR(50) NOT NULL,
            created_at TIMESTAMP DEFAULT CURRENT_TIMESTAMP
        );
        , parameters: None
[2024-11-08T13:42:49.034+0000] {taskinstance.py:340} INFO - ::group::Post task execution logs
[2024-11-08T13:42:49.035+0000] {taskinstance.py:352} INFO - Marking task as SUCCESS. dag_id=create_postgres_table_dag, task_id=create_table, run_id=manual__2024-11-08T13:37:44.123879+00:00, execution_date=20241108T133744, start_date=20241108T134248, end_date=20241108T134249
[2024-11-08T13:42:49.062+0000] {logging_mixin.py:190} INFO - Task instance in success state
[2024-11-08T13:42:49.063+0000] {logging_mixin.py:190} INFO -  Previous state of the Task instance: running
[2024-11-08T13:42:49.064+0000] {logging_mixin.py:190} INFO - Dag name:create_postgres_table_dag queued_at:2024-11-08 13:37:44.148463+00:00
[2024-11-08T13:42:49.069+0000] {logging_mixin.py:190} INFO - Task hostname:456dfefbad51 operator:PostgresOperator
[2024-11-08T13:42:49.104+0000] {local_task_job_runner.py:266} INFO - Task exited with return code 0
[2024-11-08T13:42:49.151+0000] {taskinstance.py:3895} INFO - 0 downstream tasks scheduled from follow-on schedule check
[2024-11-08T13:42:49.155+0000] {local_task_job_runner.py:245} INFO - ::endgroup::
