[2024-11-08T13:40:50.692+0000] {local_task_job_runner.py:123} INFO - ::group::Pre task execution logs
[2024-11-08T13:40:50.824+0000] {taskinstance.py:2613} INFO - Dependencies all met for dep_context=non-requeueable deps ti=<TaskInstance: create_postgres_table_dag.create_table manual__2024-11-08T13:40:36.423172+00:00 [queued]>
[2024-11-08T13:40:50.866+0000] {taskinstance.py:2613} INFO - Dependencies all met for dep_context=requeueable deps ti=<TaskInstance: create_postgres_table_dag.create_table manual__2024-11-08T13:40:36.423172+00:00 [queued]>
[2024-11-08T13:40:50.868+0000] {taskinstance.py:2866} INFO - Starting attempt 1 of 2
[2024-11-08T13:40:50.921+0000] {taskinstance.py:2889} INFO - Executing <Task(PostgresOperator): create_table> on 2024-11-08 13:40:36.423172+00:00
[2024-11-08T13:40:50.946+0000] {warnings.py:112} WARNING - /home/***/.local/lib/python3.12/site-packages/***/task/task_runner/standard_task_runner.py:70: DeprecationWarning: This process (pid=314) is multi-threaded, use of fork() may lead to deadlocks in the child.
  pid = os.fork()

[2024-11-08T13:40:50.952+0000] {standard_task_runner.py:72} INFO - Started process 316 to run task
[2024-11-08T13:40:50.957+0000] {standard_task_runner.py:104} INFO - Running: ['***', 'tasks', 'run', 'create_postgres_table_dag', 'create_table', 'manual__2024-11-08T13:40:36.423172+00:00', '--job-id', '10', '--raw', '--subdir', 'DAGS_FOLDER/dag.py', '--cfg-path', '/tmp/tmpallviioj']
[2024-11-08T13:40:50.960+0000] {standard_task_runner.py:105} INFO - Job 10: Subtask create_table
[2024-11-08T13:40:51.121+0000] {task_command.py:467} INFO - Running <TaskInstance: create_postgres_table_dag.create_table manual__2024-11-08T13:40:36.423172+00:00 [running]> on host 456dfefbad51
[2024-11-08T13:40:51.408+0000] {taskinstance.py:3132} INFO - Exporting env vars: AIRFLOW_CTX_DAG_OWNER='***' AIRFLOW_CTX_DAG_ID='create_postgres_table_dag' AIRFLOW_CTX_TASK_ID='create_table' AIRFLOW_CTX_EXECUTION_DATE='2024-11-08T13:40:36.423172+00:00' AIRFLOW_CTX_TRY_NUMBER='1' AIRFLOW_CTX_DAG_RUN_ID='manual__2024-11-08T13:40:36.423172+00:00'
[2024-11-08T13:40:51.411+0000] {logging_mixin.py:190} INFO - Task instance is in running state
[2024-11-08T13:40:51.412+0000] {logging_mixin.py:190} INFO -  Previous state of the Task instance: queued
[2024-11-08T13:40:51.415+0000] {logging_mixin.py:190} INFO - Current task name:create_table state:running start_date:2024-11-08 13:40:50.825196+00:00
[2024-11-08T13:40:51.416+0000] {logging_mixin.py:190} INFO - Dag name:create_postgres_table_dag and current dag run status:running
[2024-11-08T13:40:51.420+0000] {taskinstance.py:731} INFO - ::endgroup::
[2024-11-08T13:40:51.421+0000] {sql.py:278} INFO - Executing: 
        CREATE TABLE IF NOT EXISTS my_table (
            id SERIAL PRIMARY KEY,
            name VARCHAR(50) NOT NULL,
            created_at TIMESTAMP DEFAULT CURRENT_TIMESTAMP
        );
        
[2024-11-08T13:40:51.449+0000] {base.py:84} INFO - Retrieving connection 'acticls_connection'
[2024-11-08T13:40:51.491+0000] {base.py:84} INFO - Retrieving connection 'acticls_connection'
[2024-11-08T13:40:51.508+0000] {sql.py:544} INFO - Running statement: 
        CREATE TABLE IF NOT EXISTS my_table (
            id SERIAL PRIMARY KEY,
            name VARCHAR(50) NOT NULL,
            created_at TIMESTAMP DEFAULT CURRENT_TIMESTAMP
        );
        , parameters: None
[2024-11-08T13:40:51.574+0000] {taskinstance.py:340} INFO - ::group::Post task execution logs
[2024-11-08T13:40:51.575+0000] {taskinstance.py:352} INFO - Marking task as SUCCESS. dag_id=create_postgres_table_dag, task_id=create_table, run_id=manual__2024-11-08T13:40:36.423172+00:00, execution_date=20241108T134036, start_date=20241108T134050, end_date=20241108T134051
[2024-11-08T13:40:51.603+0000] {logging_mixin.py:190} INFO - Task instance in success state
[2024-11-08T13:40:51.605+0000] {logging_mixin.py:190} INFO -  Previous state of the Task instance: running
[2024-11-08T13:40:51.607+0000] {logging_mixin.py:190} INFO - Dag name:create_postgres_table_dag queued_at:2024-11-08 13:40:36.485402+00:00
[2024-11-08T13:40:51.609+0000] {logging_mixin.py:190} INFO - Task hostname:456dfefbad51 operator:PostgresOperator
[2024-11-08T13:40:51.664+0000] {local_task_job_runner.py:266} INFO - Task exited with return code 0
[2024-11-08T13:40:51.741+0000] {taskinstance.py:3895} INFO - 0 downstream tasks scheduled from follow-on schedule check
[2024-11-08T13:40:51.746+0000] {local_task_job_runner.py:245} INFO - ::endgroup::
