[2024-11-10T15:10:55.394+0000] {local_task_job_runner.py:123} INFO - ::group::Pre task execution logs
[2024-11-10T15:10:55.486+0000] {taskinstance.py:2613} INFO - Dependencies all met for dep_context=non-requeueable deps ti=<TaskInstance: mongodb_atlas_fetch_load.fetch_data manual__2024-11-10T15:10:45.573207+00:00 [queued]>
[2024-11-10T15:10:55.532+0000] {taskinstance.py:2613} INFO - Dependencies all met for dep_context=requeueable deps ti=<TaskInstance: mongodb_atlas_fetch_load.fetch_data manual__2024-11-10T15:10:45.573207+00:00 [queued]>
[2024-11-10T15:10:55.534+0000] {taskinstance.py:2866} INFO - Starting attempt 1 of 1
[2024-11-10T15:10:55.590+0000] {taskinstance.py:2889} INFO - Executing <Task(PythonOperator): fetch_data> on 2024-11-10 15:10:45.573207+00:00
[2024-11-10T15:10:55.630+0000] {warnings.py:112} WARNING - /home/***/.local/lib/python3.12/site-packages/***/task/task_runner/standard_task_runner.py:70: DeprecationWarning: This process (pid=565) is multi-threaded, use of fork() may lead to deadlocks in the child.
  pid = os.fork()

[2024-11-10T15:10:55.633+0000] {standard_task_runner.py:72} INFO - Started process 567 to run task
[2024-11-10T15:10:55.639+0000] {standard_task_runner.py:104} INFO - Running: ['***', 'tasks', 'run', 'mongodb_atlas_fetch_load', 'fetch_data', 'manual__2024-11-10T15:10:45.573207+00:00', '--job-id', '138', '--raw', '--subdir', 'DAGS_FOLDER/et_pipeline.py', '--cfg-path', '/tmp/tmpab7tunhc']
[2024-11-10T15:10:55.642+0000] {standard_task_runner.py:105} INFO - Job 138: Subtask fetch_data
[2024-11-10T15:10:55.765+0000] {task_command.py:467} INFO - Running <TaskInstance: mongodb_atlas_fetch_load.fetch_data manual__2024-11-10T15:10:45.573207+00:00 [running]> on host e9f90922e3c1
[2024-11-10T15:10:55.989+0000] {taskinstance.py:3132} INFO - Exporting env vars: AIRFLOW_CTX_DAG_OWNER='***' AIRFLOW_CTX_DAG_ID='mongodb_atlas_fetch_load' AIRFLOW_CTX_TASK_ID='fetch_data' AIRFLOW_CTX_EXECUTION_DATE='2024-11-10T15:10:45.573207+00:00' AIRFLOW_CTX_TRY_NUMBER='1' AIRFLOW_CTX_DAG_RUN_ID='manual__2024-11-10T15:10:45.573207+00:00'
[2024-11-10T15:10:55.992+0000] {logging_mixin.py:190} INFO - Task instance is in running state
[2024-11-10T15:10:55.993+0000] {logging_mixin.py:190} INFO -  Previous state of the Task instance: queued
[2024-11-10T15:10:55.994+0000] {logging_mixin.py:190} INFO - Current task name:fetch_data state:running start_date:2024-11-10 15:10:55.488135+00:00
[2024-11-10T15:10:55.994+0000] {logging_mixin.py:190} INFO - Dag name:mongodb_atlas_fetch_load and current dag run status:running
[2024-11-10T15:10:55.995+0000] {taskinstance.py:731} INFO - ::endgroup::
[2024-11-10T15:10:56.024+0000] {base.py:84} INFO - Retrieving connection 'mongo_default'
[2024-11-10T15:10:59.210+0000] {python.py:240} INFO - Done. Returned value was: /tmp/mongo_data.json
[2024-11-10T15:10:59.376+0000] {taskinstance.py:340} INFO - ::group::Post task execution logs
[2024-11-10T15:10:59.378+0000] {taskinstance.py:352} INFO - Marking task as SUCCESS. dag_id=mongodb_atlas_fetch_load, task_id=fetch_data, run_id=manual__2024-11-10T15:10:45.573207+00:00, execution_date=20241110T151045, start_date=20241110T151055, end_date=20241110T151059
[2024-11-10T15:10:59.425+0000] {logging_mixin.py:190} INFO - Task instance in success state
[2024-11-10T15:10:59.426+0000] {logging_mixin.py:190} INFO -  Previous state of the Task instance: running
[2024-11-10T15:10:59.427+0000] {logging_mixin.py:190} INFO - Dag name:mongodb_atlas_fetch_load queued_at:2024-11-10 15:10:45.627185+00:00
[2024-11-10T15:10:59.427+0000] {logging_mixin.py:190} INFO - Task hostname:e9f90922e3c1 operator:PythonOperator
[2024-11-10T15:10:59.490+0000] {local_task_job_runner.py:266} INFO - Task exited with return code 0
[2024-11-10T15:10:59.568+0000] {taskinstance.py:3895} INFO - 1 downstream tasks scheduled from follow-on schedule check
[2024-11-10T15:10:59.572+0000] {local_task_job_runner.py:245} INFO - ::endgroup::
